[2020-05-26 08:58:31] local.ERROR: Symfony\Component\Debug\Exception\FatalThrowableError: Class 'App\Http\Controllers\Customerr' not found in D:\project_laravel_pintaar\sistem_dokumentasi_konsumen\app\Http\Controllers\CustomerrController.php:34
Stack trace:
#0 [internal function]: App\Http\Controllers\CustomerrController->create_post(Object(Illuminate\Http\Request))
#1 D:\project_laravel_pintaar\sistem_dokumentasi_konsumen\vendor\laravel\framework\src\Illuminate\Routing\Controller.php(256): call_user_func_array(Array, Array)
#2 D:\project_laravel_pintaar\sistem_dokumentasi_konsumen\vendor\laravel\framework\src\Illuminate\Routing\ControllerDispatcher.php(164): Illuminate\Routing\Controller->callAction('create_post', Array)
#3 D:\project_laravel_pintaar\sistem_dokumentasi_konsumen\vendor\laravel\framework\src\Illuminate\Routing\ControllerDispatcher.php(112): Illuminate\Routing\ControllerDispatcher->call(Object(App\Http\Controllers\CustomerrController), Object(Illuminate\Routing\Route), 'create_post')
#4 [internal function]: Illuminate\Routing\ControllerDispatcher->Illuminate\Routing\{closure}(Object(Illuminate\Http\Request))
#5 D:\project_laravel_pintaar\sistem_dokumentasi_konsumen\vendor\laravel\framework\src\Illuminate\Pipeline\Pipeline.php(139): call_user_func(Object(Closure), Object(Illuminate\Http\Request))
#6 [internal function]: Illuminate\Pipeline\Pipeline->Illuminate\Pipeline\{closure}(Object(Illuminate\Http\Request))
#7 D:\project_laravel_pintaar\sistem_dokumentasi_konsumen\vendor\laravel\framework\src\Illuminate\Pipeline\Pipeline.php(102): call_user_func(Object(Closure), Object(Illuminate\Http\Request))
#8 D:\project_laravel_pintaar\sistem_dokumentasi_konsumen\vendor\laravel\framework\src\Illuminate\Routing\ControllerDispatcher.php(114): Illuminate\Pipeline\Pipeline->then(Object(Closure))
#9 D:\project_laravel_pintaar\sistem_dokumentasi_konsumen\vendor\laravel\framework\src\Illuminate\Routing\ControllerDispatcher.php(68): Illuminate\Routing\ControllerDispatcher->callWithinStack(Object(App\Http\Controllers\CustomerrController), Object(Illuminate\Routing\Route), Object(Illuminate\Http\Request), 'create_post')
#10 D:\project_laravel_pintaar\sistem_dokumentasi_konsumen\vendor\laravel\framework\src\Illuminate\Routing\Route.php(203): Illuminate\Routing\ControllerDispatcher->dispatch(Object(Illuminate\Routing\Route), Object(Illuminate\Http\Request), 'App\\Http\\Contro...', 'create_post')
#11 D:\project_laravel_pintaar\sistem_dokumentasi_konsumen\vendor\laravel\framework\src\Illuminate\Routing\Route.php(134): Illuminate\Routing\Route->runWithCustomDispatcher(Object(Illuminate\Http\Request))
#12 D:\project_laravel_pintaar\sistem_dokumentasi_konsumen\vendor\laravel\framework\src\Illuminate\Routing\Router.php(708): Illuminate\Routing\Route->run(Object(Illuminate\Http\Request))
#13 [internal function]: Illuminate\Routing\Router->Illuminate\Routing\{closure}(Object(Illuminate\Http\Request))
#14 D:\project_laravel_pintaar\sistem_dokumentasi_konsumen\vendor\laravel\framework\src\Illuminate\Pipeline\Pipeline.php(139): call_user_func(Object(Closure), Object(Illuminate\Http\Request))
#15 [internal function]: Illuminate\Pipeline\Pipeline->Illuminate\Pipeline\{closure}(Object(Illuminate\Http\Request))
#16 D:\project_laravel_pintaar\sistem_dokumentasi_konsumen\vendor\laravel\framework\src\Illuminate\Pipeline\Pipeline.php(102): call_user_func(Object(Closure), Object(Illuminate\Http\Request))
#17 D:\project_laravel_pintaar\sistem_dokumentasi_konsumen\vendor\laravel\framework\src\Illuminate\Routing\Router.php(710): Illuminate\Pipeline\Pipeline->then(Object(Closure))
#18 D:\project_laravel_pintaar\sistem_dokumentasi_konsumen\vendor\laravel\framework\src\Illuminate\Routing\Router.php(674): Illuminate\Routing\Router->runRouteWithinStack(Object(Illuminate\Routing\Route), Object(Illuminate\Http\Request))
#19 D:\project_laravel_pintaar\sistem_dokumentasi_konsumen\vendor\laravel\framework\src\Illuminate\Routing\Router.php(635): Illuminate\Routing\Router->dispatchToRoute(Object(Illuminate\Http\Request))
#20 D:\project_laravel_pintaar\sistem_dokumentasi_konsumen\vendor\laravel\framework\src\Illuminate\Foundation\Http\Kernel.php(236): Illuminate\Routing\Router->dispatch(Object(Illuminate\Http\Request))
#21 [internal function]: Illuminate\Foundation\Http\Kernel->Illuminate\Foundation\Http\{closure}(Object(Illuminate\Http\Request))
#22 D:\project_laravel_pintaar\sistem_dokumentasi_konsumen\vendor\laravel\framework\src\Illuminate\Pipeline\Pipeline.php(139): call_user_func(Object(Closure), Object(Illuminate\Http\Request))
#23 D:\project_laravel_pintaar\sistem_dokumentasi_konsumen\vendor\laravel\framework\src\Illuminate\Foundation\Http\Middleware\VerifyCsrfToken.php(50): Illuminate\Pipeline\Pipeline->Illuminate\Pipeline\{closure}(Object(Illuminate\Http\Request))
#24 [internal function]: Illuminate\Foundation\Http\Middleware\VerifyCsrfToken->handle(Object(Illuminate\Http\Request), Object(Closure))
#25 D:\project_laravel_pintaar\sistem_dokumentasi_konsumen\vendor\laravel\framework\src\Illuminate\Pipeline\Pipeline.php(124): call_user_func_array(Array, Array)
#26 D:\project_laravel_pintaar\sistem_dokumentasi_konsumen\vendor\laravel\framework\src\Illuminate\View\Middleware\ShareErrorsFromSession.php(49): Illuminate\Pipeline\Pipeline->Illuminate\Pipeline\{closure}(Object(Illuminate\Http\Request))
#27 [internal function]: Illuminate\View\Middleware\ShareErrorsFromSession->handle(Object(Illuminate\Http\Request), Object(Closure))
#28 D:\project_laravel_pintaar\sistem_dokumentasi_konsumen\vendor\laravel\framework\src\Illuminate\Pipeline\Pipeline.php(124): call_user_func_array(Array, Array)
#29 D:\project_laravel_pintaar\sistem_dokumentasi_konsumen\vendor\laravel\framework\src\Illuminate\Session\Middleware\StartSession.php(62): Illuminate\Pipeline\Pipeline->Illuminate\Pipeline\{closure}(Object(Illuminate\Http\Request))
#30 [internal function]: Illuminate\Session\Middleware\StartSession->handle(Object(Illuminate\Http\Request), Object(Closure))
#31 D:\project_laravel_pintaar\sistem_dokumentasi_konsumen\vendor\laravel\framework\src\Illuminate\Pipeline\Pipeline.php(124): call_user_func_array(Array, Array)
#32 D:\project_laravel_pintaar\sistem_dokumentasi_konsumen\vendor\laravel\framework\src\Illuminate\Cookie\Middleware\AddQueuedCookiesToResponse.php(37): Illuminate\Pipeline\Pipeline->Illuminate\Pipeline\{closure}(Object(Illuminate\Http\Request))
#33 [internal function]: Illuminate\Cookie\Middleware\AddQueuedCookiesToResponse->handle(Object(Illuminate\Http\Request), Object(Closure))
#34 D:\project_laravel_pintaar\sistem_dokumentasi_konsumen\vendor\laravel\framework\src\Illuminate\Pipeline\Pipeline.php(124): call_user_func_array(Array, Array)
#35 D:\project_laravel_pintaar\sistem_dokumentasi_konsumen\vendor\laravel\framework\src\Illuminate\Cookie\Middleware\EncryptCookies.php(59): Illuminate\Pipeline\Pipeline->Illuminate\Pipeline\{closure}(Object(Illuminate\Http\Request))
#36 [internal function]: Illuminate\Cookie\Middleware\EncryptCookies->handle(Object(Illuminate\Http\Request), Object(Closure))
#37 D:\project_laravel_pintaar\sistem_dokumentasi_konsumen\vendor\laravel\framework\src\Illuminate\Pipeline\Pipeline.php(124): call_user_func_array(Array, Array)
#38 D:\project_laravel_pintaar\sistem_dokumentasi_konsumen\vendor\laravel\framework\src\Illuminate\Foundation\Http\Middleware\CheckForMaintenanceMode.php(44): Illuminate\Pipeline\Pipeline->Illuminate\Pipeline\{closure}(Object(Illuminate\Http\Request))
#39 [internal function]: Illuminate\Foundation\Http\Middleware\CheckForMaintenanceMode->handle(Object(Illuminate\Http\Request), Object(Closure))
#40 D:\project_laravel_pintaar\sistem_dokumentasi_konsumen\vendor\laravel\framework\src\Illuminate\Pipeline\Pipeline.php(124): call_user_func_array(Array, Array)
#41 [internal function]: Illuminate\Pipeline\Pipeline->Illuminate\Pipeline\{closure}(Object(Illuminate\Http\Request))
#42 D:\project_laravel_pintaar\sistem_dokumentasi_konsumen\vendor\laravel\framework\src\Illuminate\Pipeline\Pipeline.php(102): call_user_func(Object(Closure), Object(Illuminate\Http\Request))
#43 D:\project_laravel_pintaar\sistem_dokumentasi_konsumen\vendor\laravel\framework\src\Illuminate\Foundation\Http\Kernel.php(122): Illuminate\Pipeline\Pipeline->then(Object(Closure))
#44 D:\project_laravel_pintaar\sistem_dokumentasi_konsumen\vendor\laravel\framework\src\Illuminate\Foundation\Http\Kernel.php(87): Illuminate\Foundation\Http\Kernel->sendRequestThroughRouter(Object(Illuminate\Http\Request))
#45 D:\project_laravel_pintaar\sistem_dokumentasi_konsumen\public\index.php(53): Illuminate\Foundation\Http\Kernel->handle(Object(Illuminate\Http\Request))
#46 D:\project_laravel_pintaar\sistem_dokumentasi_konsumen\server.php(21): require_once('D:\\project_lara...')
#47 {main}  
[2020-05-26 08:58:43] local.ERROR: Symfony\Component\Debug\Exception\FatalThrowableError: Class 'App\Http\Controllers\Customerr' not found in D:\project_laravel_pintaar\sistem_dokumentasi_konsumen\app\Http\Controllers\CustomerrController.php:34
Stack trace:
#0 [internal function]: App\Http\Controllers\CustomerrController->create_post(Object(Illuminate\Http\Request))
#1 D:\project_laravel_pintaar\sistem_dokumentasi_konsumen\vendor\laravel\framework\src\Illuminate\Routing\Controller.php(256): call_user_func_array(Array, Array)
#2 D:\project_laravel_pintaar\sistem_dokumentasi_konsumen\vendor\laravel\framework\src\Illuminate\Routing\ControllerDispatcher.php(164): Illuminate\Routing\Controller->callAction('create_post', Array)
#3 D:\project_laravel_pintaar\sistem_dokumentasi_konsumen\vendor\laravel\framework\src\Illuminate\Routing\ControllerDispatcher.php(112): Illuminate\Routing\ControllerDispatcher->call(Object(App\Http\Controllers\CustomerrController), Object(Illuminate\Routing\Route), 'create_post')
#4 [internal function]: Illuminate\Routing\ControllerDispatcher->Illuminate\Routing\{closure}(Object(Illuminate\Http\Request))
#5 D:\project_laravel_pintaar\sistem_dokumentasi_konsumen\vendor\laravel\framework\src\Illuminate\Pipeline\Pipeline.php(139): call_user_func(Object(Closure), Object(Illuminate\Http\Request))
#6 [internal function]: Illuminate\Pipeline\Pipeline->Illuminate\Pipeline\{closure}(Object(Illuminate\Http\Request))
#7 D:\project_laravel_pintaar\sistem_dokumentasi_konsumen\vendor\laravel\framework\src\Illuminate\Pipeline\Pipeline.php(102): call_user_func(Object(Closure), Object(Illuminate\Http\Request))
#8 D:\project_laravel_pintaar\sistem_dokumentasi_konsumen\vendor\laravel\framework\src\Illuminate\Routing\ControllerDispatcher.php(114): Illuminate\Pipeline\Pipeline->then(Object(Closure))
#9 D:\project_laravel_pintaar\sistem_dokumentasi_konsumen\vendor\laravel\framework\src\Illuminate\Routing\ControllerDispatcher.php(68): Illuminate\Routing\ControllerDispatcher->callWithinStack(Object(App\Http\Controllers\CustomerrController), Object(Illuminate\Routing\Route), Object(Illuminate\Http\Request), 'create_post')
#10 D:\project_laravel_pintaar\sistem_dokumentasi_konsumen\vendor\laravel\framework\src\Illuminate\Routing\Route.php(203): Illuminate\Routing\ControllerDispatcher->dispatch(Object(Illuminate\Routing\Route), Object(Illuminate\Http\Request), 'App\\Http\\Contro...', 'create_post')
#11 D:\project_laravel_pintaar\sistem_dokumentasi_konsumen\vendor\laravel\framework\src\Illuminate\Routing\Route.php(134): Illuminate\Routing\Route->runWithCustomDispatcher(Object(Illuminate\Http\Request))
#12 D:\project_laravel_pintaar\sistem_dokumentasi_konsumen\vendor\laravel\framework\src\Illuminate\Routing\Router.php(708): Illuminate\Routing\Route->run(Object(Illuminate\Http\Request))
#13 [internal function]: Illuminate\Routing\Router->Illuminate\Routing\{closure}(Object(Illuminate\Http\Request))
#14 D:\project_laravel_pintaar\sistem_dokumentasi_konsumen\vendor\laravel\framework\src\Illuminate\Pipeline\Pipeline.php(139): call_user_func(Object(Closure), Object(Illuminate\Http\Request))
#15 [internal function]: Illuminate\Pipeline\Pipeline->Illuminate\Pipeline\{closure}(Object(Illuminate\Http\Request))
#16 D:\project_laravel_pintaar\sistem_dokumentasi_konsumen\vendor\laravel\framework\src\Illuminate\Pipeline\Pipeline.php(102): call_user_func(Object(Closure), Object(Illuminate\Http\Request))
#17 D:\project_laravel_pintaar\sistem_dokumentasi_konsumen\vendor\laravel\framework\src\Illuminate\Routing\Router.php(710): Illuminate\Pipeline\Pipeline->then(Object(Closure))
#18 D:\project_laravel_pintaar\sistem_dokumentasi_konsumen\vendor\laravel\framework\src\Illuminate\Routing\Router.php(674): Illuminate\Routing\Router->runRouteWithinStack(Object(Illuminate\Routing\Route), Object(Illuminate\Http\Request))
#19 D:\project_laravel_pintaar\sistem_dokumentasi_konsumen\vendor\laravel\framework\src\Illuminate\Routing\Router.php(635): Illuminate\Routing\Router->dispatchToRoute(Object(Illuminate\Http\Request))
#20 D:\project_laravel_pintaar\sistem_dokumentasi_konsumen\vendor\laravel\framework\src\Illuminate\Foundation\Http\Kernel.php(236): Illuminate\Routing\Router->dispatch(Object(Illuminate\Http\Request))
#21 [internal function]: Illuminate\Foundation\Http\Kernel->Illuminate\Foundation\Http\{closure}(Object(Illuminate\Http\Request))
#22 D:\project_laravel_pintaar\sistem_dokumentasi_konsumen\vendor\laravel\framework\src\Illuminate\Pipeline\Pipeline.php(139): call_user_func(Object(Closure), Object(Illuminate\Http\Request))
#23 D:\project_laravel_pintaar\sistem_dokumentasi_konsumen\vendor\laravel\framework\src\Illuminate\Foundation\Http\Middleware\VerifyCsrfToken.php(50): Illuminate\Pipeline\Pipeline->Illuminate\Pipeline\{closure}(Object(Illuminate\Http\Request))
#24 [internal function]: Illuminate\Foundation\Http\Middleware\VerifyCsrfToken->handle(Object(Illuminate\Http\Request), Object(Closure))
#25 D:\project_laravel_pintaar\sistem_dokumentasi_konsumen\vendor\laravel\framework\src\Illuminate\Pipeline\Pipeline.php(124): call_user_func_array(Array, Array)
#26 D:\project_laravel_pintaar\sistem_dokumentasi_konsumen\vendor\laravel\framework\src\Illuminate\View\Middleware\ShareErrorsFromSession.php(49): Illuminate\Pipeline\Pipeline->Illuminate\Pipeline\{closure}(Object(Illuminate\Http\Request))
#27 [internal function]: Illuminate\View\Middleware\ShareErrorsFromSession->handle(Object(Illuminate\Http\Request), Object(Closure))
#28 D:\project_laravel_pintaar\sistem_dokumentasi_konsumen\vendor\laravel\framework\src\Illuminate\Pipeline\Pipeline.php(124): call_user_func_array(Array, Array)
#29 D:\project_laravel_pintaar\sistem_dokumentasi_konsumen\vendor\laravel\framework\src\Illuminate\Session\Middleware\StartSession.php(62): Illuminate\Pipeline\Pipeline->Illuminate\Pipeline\{closure}(Object(Illuminate\Http\Request))
#30 [internal function]: Illuminate\Session\Middleware\StartSession->handle(Object(Illuminate\Http\Request), Object(Closure))
#31 D:\project_laravel_pintaar\sistem_dokumentasi_konsumen\vendor\laravel\framework\src\Illuminate\Pipeline\Pipeline.php(124): call_user_func_array(Array, Array)
#32 D:\project_laravel_pintaar\sistem_dokumentasi_konsumen\vendor\laravel\framework\src\Illuminate\Cookie\Middleware\AddQueuedCookiesToResponse.php(37): Illuminate\Pipeline\Pipeline->Illuminate\Pipeline\{closure}(Object(Illuminate\Http\Request))
#33 [internal function]: Illuminate\Cookie\Middleware\AddQueuedCookiesToResponse->handle(Object(Illuminate\Http\Request), Object(Closure))
#34 D:\project_laravel_pintaar\sistem_dokumentasi_konsumen\vendor\laravel\framework\src\Illuminate\Pipeline\Pipeline.php(124): call_user_func_array(Array, Array)
#35 D:\project_laravel_pintaar\sistem_dokumentasi_konsumen\vendor\laravel\framework\src\Illuminate\Cookie\Middleware\EncryptCookies.php(59): Illuminate\Pipeline\Pipeline->Illuminate\Pipeline\{closure}(Object(Illuminate\Http\Request))
#36 [internal function]: Illuminate\Cookie\Middleware\EncryptCookies->handle(Object(Illuminate\Http\Request), Object(Closure))
#37 D:\project_laravel_pintaar\sistem_dokumentasi_konsumen\vendor\laravel\framework\src\Illuminate\Pipeline\Pipeline.php(124): call_user_func_array(Array, Array)
#38 D:\project_laravel_pintaar\sistem_dokumentasi_konsumen\vendor\laravel\framework\src\Illuminate\Foundation\Http\Middleware\CheckForMaintenanceMode.php(44): Illuminate\Pipeline\Pipeline->Illuminate\Pipeline\{closure}(Object(Illuminate\Http\Request))
#39 [internal function]: Illuminate\Foundation\Http\Middleware\CheckForMaintenanceMode->handle(Object(Illuminate\Http\Request), Object(Closure))
#40 D:\project_laravel_pintaar\sistem_dokumentasi_konsumen\vendor\laravel\framework\src\Illuminate\Pipeline\Pipeline.php(124): call_user_func_array(Array, Array)
#41 [internal function]: Illuminate\Pipeline\Pipeline->Illuminate\Pipeline\{closure}(Object(Illuminate\Http\Request))
#42 D:\project_laravel_pintaar\sistem_dokumentasi_konsumen\vendor\laravel\framework\src\Illuminate\Pipeline\Pipeline.php(102): call_user_func(Object(Closure), Object(Illuminate\Http\Request))
#43 D:\project_laravel_pintaar\sistem_dokumentasi_konsumen\vendor\laravel\framework\src\Illuminate\Foundation\Http\Kernel.php(122): Illuminate\Pipeline\Pipeline->then(Object(Closure))
#44 D:\project_laravel_pintaar\sistem_dokumentasi_konsumen\vendor\laravel\framework\src\Illuminate\Foundation\Http\Kernel.php(87): Illuminate\Foundation\Http\Kernel->sendRequestThroughRouter(Object(Illuminate\Http\Request))
#45 D:\project_laravel_pintaar\sistem_dokumentasi_konsumen\public\index.php(53): Illuminate\Foundation\Http\Kernel->handle(Object(Illuminate\Http\Request))
#46 D:\project_laravel_pintaar\sistem_dokumentasi_konsumen\server.php(21): require_once('D:\\project_lara...')
#47 {main}  
[2020-05-26 08:59:29] local.ERROR: Symfony\Component\Debug\Exception\FatalThrowableError: Class 'App\Http\Controllers\Customer' not found in D:\project_laravel_pintaar\sistem_dokumentasi_konsumen\app\Http\Controllers\CustomerrController.php:34
Stack trace:
#0 [internal function]: App\Http\Controllers\CustomerrController->create_post(Object(Illuminate\Http\Request))
#1 D:\project_laravel_pintaar\sistem_dokumentasi_konsumen\vendor\laravel\framework\src\Illuminate\Routing\Controller.php(256): call_user_func_array(Array, Array)
#2 D:\project_laravel_pintaar\sistem_dokumentasi_konsumen\vendor\laravel\framework\src\Illuminate\Routing\ControllerDispatcher.php(164): Illuminate\Routing\Controller->callAction('create_post', Array)
#3 D:\project_laravel_pintaar\sistem_dokumentasi_konsumen\vendor\laravel\framework\src\Illuminate\Routing\ControllerDispatcher.php(112): Illuminate\Routing\ControllerDispatcher->call(Object(App\Http\Controllers\CustomerrController), Object(Illuminate\Routing\Route), 'create_post')
#4 [internal function]: Illuminate\Routing\ControllerDispatcher->Illuminate\Routing\{closure}(Object(Illuminate\Http\Request))
#5 D:\project_laravel_pintaar\sistem_dokumentasi_konsumen\vendor\laravel\framework\src\Illuminate\Pipeline\Pipeline.php(139): call_user_func(Object(Closure), Object(Illuminate\Http\Request))
#6 [internal function]: Illuminate\Pipeline\Pipeline->Illuminate\Pipeline\{closure}(Object(Illuminate\Http\Request))
#7 D:\project_laravel_pintaar\sistem_dokumentasi_konsumen\vendor\laravel\framework\src\Illuminate\Pipeline\Pipeline.php(102): call_user_func(Object(Closure), Object(Illuminate\Http\Request))
#8 D:\project_laravel_pintaar\sistem_dokumentasi_konsumen\vendor\laravel\framework\src\Illuminate\Routing\ControllerDispatcher.php(114): Illuminate\Pipeline\Pipeline->then(Object(Closure))
#9 D:\project_laravel_pintaar\sistem_dokumentasi_konsumen\vendor\laravel\framework\src\Illuminate\Routing\ControllerDispatcher.php(68): Illuminate\Routing\ControllerDispatcher->callWithinStack(Object(App\Http\Controllers\CustomerrController), Object(Illuminate\Routing\Route), Object(Illuminate\Http\Request), 'create_post')
#10 D:\project_laravel_pintaar\sistem_dokumentasi_konsumen\vendor\laravel\framework\src\Illuminate\Routing\Route.php(203): Illuminate\Routing\ControllerDispatcher->dispatch(Object(Illuminate\Routing\Route), Object(Illuminate\Http\Request), 'App\\Http\\Contro...', 'create_post')
#11 D:\project_laravel_pintaar\sistem_dokumentasi_konsumen\vendor\laravel\framework\src\Illuminate\Routing\Route.php(134): Illuminate\Routing\Route->runWithCustomDispatcher(Object(Illuminate\Http\Request))
#12 D:\project_laravel_pintaar\sistem_dokumentasi_konsumen\vendor\laravel\framework\src\Illuminate\Routing\Router.php(708): Illuminate\Routing\Route->run(Object(Illuminate\Http\Request))
#13 [internal function]: Illuminate\Routing\Router->Illuminate\Routing\{closure}(Object(Illuminate\Http\Request))
#14 D:\project_laravel_pintaar\sistem_dokumentasi_konsumen\vendor\laravel\framework\src\Illuminate\Pipeline\Pipeline.php(139): call_user_func(Object(Closure), Object(Illuminate\Http\Request))
#15 [internal function]: Illuminate\Pipeline\Pipeline->Illuminate\Pipeline\{closure}(Object(Illuminate\Http\Request))
#16 D:\project_laravel_pintaar\sistem_dokumentasi_konsumen\vendor\laravel\framework\src\Illuminate\Pipeline\Pipeline.php(102): call_user_func(Object(Closure), Object(Illuminate\Http\Request))
#17 D:\project_laravel_pintaar\sistem_dokumentasi_konsumen\vendor\laravel\framework\src\Illuminate\Routing\Router.php(710): Illuminate\Pipeline\Pipeline->then(Object(Closure))
#18 D:\project_laravel_pintaar\sistem_dokumentasi_konsumen\vendor\laravel\framework\src\Illuminate\Routing\Router.php(674): Illuminate\Routing\Router->runRouteWithinStack(Object(Illuminate\Routing\Route), Object(Illuminate\Http\Request))
#19 D:\project_laravel_pintaar\sistem_dokumentasi_konsumen\vendor\laravel\framework\src\Illuminate\Routing\Router.php(635): Illuminate\Routing\Router->dispatchToRoute(Object(Illuminate\Http\Request))
#20 D:\project_laravel_pintaar\sistem_dokumentasi_konsumen\vendor\laravel\framework\src\Illuminate\Foundation\Http\Kernel.php(236): Illuminate\Routing\Router->dispatch(Object(Illuminate\Http\Request))
#21 [internal function]: Illuminate\Foundation\Http\Kernel->Illuminate\Foundation\Http\{closure}(Object(Illuminate\Http\Request))
#22 D:\project_laravel_pintaar\sistem_dokumentasi_konsumen\vendor\laravel\framework\src\Illuminate\Pipeline\Pipeline.php(139): call_user_func(Object(Closure), Object(Illuminate\Http\Request))
#23 D:\project_laravel_pintaar\sistem_dokumentasi_konsumen\vendor\laravel\framework\src\Illuminate\Foundation\Http\Middleware\VerifyCsrfToken.php(50): Illuminate\Pipeline\Pipeline->Illuminate\Pipeline\{closure}(Object(Illuminate\Http\Request))
#24 [internal function]: Illuminate\Foundation\Http\Middleware\VerifyCsrfToken->handle(Object(Illuminate\Http\Request), Object(Closure))
#25 D:\project_laravel_pintaar\sistem_dokumentasi_konsumen\vendor\laravel\framework\src\Illuminate\Pipeline\Pipeline.php(124): call_user_func_array(Array, Array)
#26 D:\project_laravel_pintaar\sistem_dokumentasi_konsumen\vendor\laravel\framework\src\Illuminate\View\Middleware\ShareErrorsFromSession.php(49): Illuminate\Pipeline\Pipeline->Illuminate\Pipeline\{closure}(Object(Illuminate\Http\Request))
#27 [internal function]: Illuminate\View\Middleware\ShareErrorsFromSession->handle(Object(Illuminate\Http\Request), Object(Closure))
#28 D:\project_laravel_pintaar\sistem_dokumentasi_konsumen\vendor\laravel\framework\src\Illuminate\Pipeline\Pipeline.php(124): call_user_func_array(Array, Array)
#29 D:\project_laravel_pintaar\sistem_dokumentasi_konsumen\vendor\laravel\framework\src\Illuminate\Session\Middleware\StartSession.php(62): Illuminate\Pipeline\Pipeline->Illuminate\Pipeline\{closure}(Object(Illuminate\Http\Request))
#30 [internal function]: Illuminate\Session\Middleware\StartSession->handle(Object(Illuminate\Http\Request), Object(Closure))
#31 D:\project_laravel_pintaar\sistem_dokumentasi_konsumen\vendor\laravel\framework\src\Illuminate\Pipeline\Pipeline.php(124): call_user_func_array(Array, Array)
#32 D:\project_laravel_pintaar\sistem_dokumentasi_konsumen\vendor\laravel\framework\src\Illuminate\Cookie\Middleware\AddQueuedCookiesToResponse.php(37): Illuminate\Pipeline\Pipeline->Illuminate\Pipeline\{closure}(Object(Illuminate\Http\Request))
#33 [internal function]: Illuminate\Cookie\Middleware\AddQueuedCookiesToResponse->handle(Object(Illuminate\Http\Request), Object(Closure))
#34 D:\project_laravel_pintaar\sistem_dokumentasi_konsumen\vendor\laravel\framework\src\Illuminate\Pipeline\Pipeline.php(124): call_user_func_array(Array, Array)
#35 D:\project_laravel_pintaar\sistem_dokumentasi_konsumen\vendor\laravel\framework\src\Illuminate\Cookie\Middleware\EncryptCookies.php(59): Illuminate\Pipeline\Pipeline->Illuminate\Pipeline\{closure}(Object(Illuminate\Http\Request))
#36 [internal function]: Illuminate\Cookie\Middleware\EncryptCookies->handle(Object(Illuminate\Http\Request), Object(Closure))
#37 D:\project_laravel_pintaar\sistem_dokumentasi_konsumen\vendor\laravel\framework\src\Illuminate\Pipeline\Pipeline.php(124): call_user_func_array(Array, Array)
#38 D:\project_laravel_pintaar\sistem_dokumentasi_konsumen\vendor\laravel\framework\src\Illuminate\Foundation\Http\Middleware\CheckForMaintenanceMode.php(44): Illuminate\Pipeline\Pipeline->Illuminate\Pipeline\{closure}(Object(Illuminate\Http\Request))
#39 [internal function]: Illuminate\Foundation\Http\Middleware\CheckForMaintenanceMode->handle(Object(Illuminate\Http\Request), Object(Closure))
#40 D:\project_laravel_pintaar\sistem_dokumentasi_konsumen\vendor\laravel\framework\src\Illuminate\Pipeline\Pipeline.php(124): call_user_func_array(Array, Array)
#41 [internal function]: Illuminate\Pipeline\Pipeline->Illuminate\Pipeline\{closure}(Object(Illuminate\Http\Request))
#42 D:\project_laravel_pintaar\sistem_dokumentasi_konsumen\vendor\laravel\framework\src\Illuminate\Pipeline\Pipeline.php(102): call_user_func(Object(Closure), Object(Illuminate\Http\Request))
#43 D:\project_laravel_pintaar\sistem_dokumentasi_konsumen\vendor\laravel\framework\src\Illuminate\Foundation\Http\Kernel.php(122): Illuminate\Pipeline\Pipeline->then(Object(Closure))
#44 D:\project_laravel_pintaar\sistem_dokumentasi_konsumen\vendor\laravel\framework\src\Illuminate\Foundation\Http\Kernel.php(87): Illuminate\Foundation\Http\Kernel->sendRequestThroughRouter(Object(Illuminate\Http\Request))
#45 D:\project_laravel_pintaar\sistem_dokumentasi_konsumen\public\index.php(53): Illuminate\Foundation\Http\Kernel->handle(Object(Illuminate\Http\Request))
#46 D:\project_laravel_pintaar\sistem_dokumentasi_konsumen\server.php(21): require_once('D:\\project_lara...')
#47 {main}  
[2020-05-26 09:01:20] local.ERROR: PDOException: SQLSTATE[HY000] [1045] Access denied for user 'homestead'@'localhost' (using password: YES) in D:\project_laravel_pintaar\sistem_dokumentasi_konsumen\vendor\laravel\framework\src\Illuminate\Database\Connectors\Connector.php:55
Stack trace:
#0 D:\project_laravel_pintaar\sistem_dokumentasi_konsumen\vendor\laravel\framework\src\Illuminate\Database\Connectors\Connector.php(55): PDO->__construct('mysql:host=127....', 'homestead', 'secret', Array)
#1 D:\project_laravel_pintaar\sistem_dokumentasi_konsumen\vendor\laravel\framework\src\Illuminate\Database\Connectors\MySqlConnector.php(22): Illuminate\Database\Connectors\Connector->createConnection('mysql:host=127....', Array, Array)
#2 D:\project_laravel_pintaar\sistem_dokumentasi_konsumen\vendor\laravel\framework\src\Illuminate\Database\Connectors\ConnectionFactory.php(60): Illuminate\Database\Connectors\MySqlConnector->connect(Array)
#3 D:\project_laravel_pintaar\sistem_dokumentasi_konsumen\vendor\laravel\framework\src\Illuminate\Database\Connectors\ConnectionFactory.php(49): Illuminate\Database\Connectors\ConnectionFactory->createSingleConnection(Array)
#4 D:\project_laravel_pintaar\sistem_dokumentasi_konsumen\vendor\laravel\framework\src\Illuminate\Database\DatabaseManager.php(175): Illuminate\Database\Connectors\ConnectionFactory->make(Array, 'mysql')
#5 D:\project_laravel_pintaar\sistem_dokumentasi_konsumen\vendor\laravel\framework\src\Illuminate\Database\DatabaseManager.php(67): Illuminate\Database\DatabaseManager->makeConnection('mysql')
#6 D:\project_laravel_pintaar\sistem_dokumentasi_konsumen\vendor\laravel\framework\src\Illuminate\Database\Eloquent\Model.php(3224): Illuminate\Database\DatabaseManager->connection('mysql')
#7 D:\project_laravel_pintaar\sistem_dokumentasi_konsumen\vendor\laravel\framework\src\Illuminate\Database\Eloquent\Model.php(3190): Illuminate\Database\Eloquent\Model::resolveConnection(NULL)
#8 D:\project_laravel_pintaar\sistem_dokumentasi_konsumen\vendor\laravel\framework\src\Illuminate\Database\Eloquent\Model.php(1870): Illuminate\Database\Eloquent\Model->getConnection()
#9 D:\project_laravel_pintaar\sistem_dokumentasi_konsumen\vendor\laravel\framework\src\Illuminate\Database\Eloquent\Model.php(1813): Illuminate\Database\Eloquent\Model->newBaseQueryBuilder()
#10 D:\project_laravel_pintaar\sistem_dokumentasi_konsumen\vendor\laravel\framework\src\Illuminate\Database\Eloquent\Model.php(1432): Illuminate\Database\Eloquent\Model->newQueryWithoutScopes()
#11 D:\project_laravel_pintaar\sistem_dokumentasi_konsumen\app\Http\Controllers\CustomerrController.php(40): Illuminate\Database\Eloquent\Model->save()
#12 [internal function]: App\Http\Controllers\CustomerrController->create_post(Object(Illuminate\Http\Request))
#13 D:\project_laravel_pintaar\sistem_dokumentasi_konsumen\vendor\laravel\framework\src\Illuminate\Routing\Controller.php(256): call_user_func_array(Array, Array)
#14 D:\project_laravel_pintaar\sistem_dokumentasi_konsumen\vendor\laravel\framework\src\Illuminate\Routing\ControllerDispatcher.php(164): Illuminate\Routing\Controller->callAction('create_post', Array)
#15 D:\project_laravel_pintaar\sistem_dokumentasi_konsumen\vendor\laravel\framework\src\Illuminate\Routing\ControllerDispatcher.php(112): Illuminate\Routing\ControllerDispatcher->call(Object(App\Http\Controllers\CustomerrController), Object(Illuminate\Routing\Route), 'create_post')
#16 [internal function]: Illuminate\Routing\ControllerDispatcher->Illuminate\Routing\{closure}(Object(Illuminate\Http\Request))
#17 D:\project_laravel_pintaar\sistem_dokumentasi_konsumen\vendor\laravel\framework\src\Illuminate\Pipeline\Pipeline.php(139): call_user_func(Object(Closure), Object(Illuminate\Http\Request))
#18 [internal function]: Illuminate\Pipeline\Pipeline->Illuminate\Pipeline\{closure}(Object(Illuminate\Http\Request))
#19 D:\project_laravel_pintaar\sistem_dokumentasi_konsumen\vendor\laravel\framework\src\Illuminate\Pipeline\Pipeline.php(102): call_user_func(Object(Closure), Object(Illuminate\Http\Request))
#20 D:\project_laravel_pintaar\sistem_dokumentasi_konsumen\vendor\laravel\framework\src\Illuminate\Routing\ControllerDispatcher.php(114): Illuminate\Pipeline\Pipeline->then(Object(Closure))
#21 D:\project_laravel_pintaar\sistem_dokumentasi_konsumen\vendor\laravel\framework\src\Illuminate\Routing\ControllerDispatcher.php(68): Illuminate\Routing\ControllerDispatcher->callWithinStack(Object(App\Http\Controllers\CustomerrController), Object(Illuminate\Routing\Route), Object(Illuminate\Http\Request), 'create_post')
#22 D:\project_laravel_pintaar\sistem_dokumentasi_konsumen\vendor\laravel\framework\src\Illuminate\Routing\Route.php(203): Illuminate\Routing\ControllerDispatcher->dispatch(Object(Illuminate\Routing\Route), Object(Illuminate\Http\Request), 'App\\Http\\Contro...', 'create_post')
#23 D:\project_laravel_pintaar\sistem_dokumentasi_konsumen\vendor\laravel\framework\src\Illuminate\Routing\Route.php(134): Illuminate\Routing\Route->runWithCustomDispatcher(Object(Illuminate\Http\Request))
#24 D:\project_laravel_pintaar\sistem_dokumentasi_konsumen\vendor\laravel\framework\src\Illuminate\Routing\Router.php(708): Illuminate\Routing\Route->run(Object(Illuminate\Http\Request))
#25 [internal function]: Illuminate\Routing\Router->Illuminate\Routing\{closure}(Object(Illuminate\Http\Request))
#26 D:\project_laravel_pintaar\sistem_dokumentasi_konsumen\vendor\laravel\framework\src\Illuminate\Pipeline\Pipeline.php(139): call_user_func(Object(Closure), Object(Illuminate\Http\Request))
#27 [internal function]: Illuminate\Pipeline\Pipeline->Illuminate\Pipeline\{closure}(Object(Illuminate\Http\Request))
#28 D:\project_laravel_pintaar\sistem_dokumentasi_konsumen\vendor\laravel\framework\src\Illuminate\Pipeline\Pipeline.php(102): call_user_func(Object(Closure), Object(Illuminate\Http\Request))
#29 D:\project_laravel_pintaar\sistem_dokumentasi_konsumen\vendor\laravel\framework\src\Illuminate\Routing\Router.php(710): Illuminate\Pipeline\Pipeline->then(Object(Closure))
#30 D:\project_laravel_pintaar\sistem_dokumentasi_konsumen\vendor\laravel\framework\src\Illuminate\Routing\Router.php(674): Illuminate\Routing\Router->runRouteWithinStack(Object(Illuminate\Routing\Route), Object(Illuminate\Http\Request))
#31 D:\project_laravel_pintaar\sistem_dokumentasi_konsumen\vendor\laravel\framework\src\Illuminate\Routing\Router.php(635): Illuminate\Routing\Router->dispatchToRoute(Object(Illuminate\Http\Request))
#32 D:\project_laravel_pintaar\sistem_dokumentasi_konsumen\vendor\laravel\framework\src\Illuminate\Foundation\Http\Kernel.php(236): Illuminate\Routing\Router->dispatch(Object(Illuminate\Http\Request))
#33 [internal function]: Illuminate\Foundation\Http\Kernel->Illuminate\Foundation\Http\{closure}(Object(Illuminate\Http\Request))
#34 D:\project_laravel_pintaar\sistem_dokumentasi_konsumen\vendor\laravel\framework\src\Illuminate\Pipeline\Pipeline.php(139): call_user_func(Object(Closure), Object(Illuminate\Http\Request))
#35 D:\project_laravel_pintaar\sistem_dokumentasi_konsumen\vendor\laravel\framework\src\Illuminate\Foundation\Http\Middleware\VerifyCsrfToken.php(50): Illuminate\Pipeline\Pipeline->Illuminate\Pipeline\{closure}(Object(Illuminate\Http\Request))
#36 [internal function]: Illuminate\Foundation\Http\Middleware\VerifyCsrfToken->handle(Object(Illuminate\Http\Request), Object(Closure))
#37 D:\project_laravel_pintaar\sistem_dokumentasi_konsumen\vendor\laravel\framework\src\Illuminate\Pipeline\Pipeline.php(124): call_user_func_array(Array, Array)
#38 D:\project_laravel_pintaar\sistem_dokumentasi_konsumen\vendor\laravel\framework\src\Illuminate\View\Middleware\ShareErrorsFromSession.php(49): Illuminate\Pipeline\Pipeline->Illuminate\Pipeline\{closure}(Object(Illuminate\Http\Request))
#39 [internal function]: Illuminate\View\Middleware\ShareErrorsFromSession->handle(Object(Illuminate\Http\Request), Object(Closure))
#40 D:\project_laravel_pintaar\sistem_dokumentasi_konsumen\vendor\laravel\framework\src\Illuminate\Pipeline\Pipeline.php(124): call_user_func_array(Array, Array)
#41 D:\project_laravel_pintaar\sistem_dokumentasi_konsumen\vendor\laravel\framework\src\Illuminate\Session\Middleware\StartSession.php(62): Illuminate\Pipeline\Pipeline->Illuminate\Pipeline\{closure}(Object(Illuminate\Http\Request))
#42 [internal function]: Illuminate\Session\Middleware\StartSession->handle(Object(Illuminate\Http\Request), Object(Closure))
#43 D:\project_laravel_pintaar\sistem_dokumentasi_konsumen\vendor\laravel\framework\src\Illuminate\Pipeline\Pipeline.php(124): call_user_func_array(Array, Array)
#44 D:\project_laravel_pintaar\sistem_dokumentasi_konsumen\vendor\laravel\framework\src\Illuminate\Cookie\Middleware\AddQueuedCookiesToResponse.php(37): Illuminate\Pipeline\Pipeline->Illuminate\Pipeline\{closure}(Object(Illuminate\Http\Request))
#45 [internal function]: Illuminate\Cookie\Middleware\AddQueuedCookiesToResponse->handle(Object(Illuminate\Http\Request), Object(Closure))
#46 D:\project_laravel_pintaar\sistem_dokumentasi_konsumen\vendor\laravel\framework\src\Illuminate\Pipeline\Pipeline.php(124): call_user_func_array(Array, Array)
#47 D:\project_laravel_pintaar\sistem_dokumentasi_konsumen\vendor\laravel\framework\src\Illuminate\Cookie\Middleware\EncryptCookies.php(59): Illuminate\Pipeline\Pipeline->Illuminate\Pipeline\{closure}(Object(Illuminate\Http\Request))
#48 [internal function]: Illuminate\Cookie\Middleware\EncryptCookies->handle(Object(Illuminate\Http\Request), Object(Closure))
#49 D:\project_laravel_pintaar\sistem_dokumentasi_konsumen\vendor\laravel\framework\src\Illuminate\Pipeline\Pipeline.php(124): call_user_func_array(Array, Array)
#50 D:\project_laravel_pintaar\sistem_dokumentasi_konsumen\vendor\laravel\framework\src\Illuminate\Foundation\Http\Middleware\CheckForMaintenanceMode.php(44): Illuminate\Pipeline\Pipeline->Illuminate\Pipeline\{closure}(Object(Illuminate\Http\Request))
#51 [internal function]: Illuminate\Foundation\Http\Middleware\CheckForMaintenanceMode->handle(Object(Illuminate\Http\Request), Object(Closure))
#52 D:\project_laravel_pintaar\sistem_dokumentasi_konsumen\vendor\laravel\framework\src\Illuminate\Pipeline\Pipeline.php(124): call_user_func_array(Array, Array)
#53 [internal function]: Illuminate\Pipeline\Pipeline->Illuminate\Pipeline\{closure}(Object(Illuminate\Http\Request))
#54 D:\project_laravel_pintaar\sistem_dokumentasi_konsumen\vendor\laravel\framework\src\Illuminate\Pipeline\Pipeline.php(102): call_user_func(Object(Closure), Object(Illuminate\Http\Request))
#55 D:\project_laravel_pintaar\sistem_dokumentasi_konsumen\vendor\laravel\framework\src\Illuminate\Foundation\Http\Kernel.php(122): Illuminate\Pipeline\Pipeline->then(Object(Closure))
#56 D:\project_laravel_pintaar\sistem_dokumentasi_konsumen\vendor\laravel\framework\src\Illuminate\Foundation\Http\Kernel.php(87): Illuminate\Foundation\Http\Kernel->sendRequestThroughRouter(Object(Illuminate\Http\Request))
#57 D:\project_laravel_pintaar\sistem_dokumentasi_konsumen\public\index.php(53): Illuminate\Foundation\Http\Kernel->handle(Object(Illuminate\Http\Request))
#58 D:\project_laravel_pintaar\sistem_dokumentasi_konsumen\server.php(21): require_once('D:\\project_lara...')
#59 {main}  
[2020-05-26 09:06:58] local.ERROR: PDOException: SQLSTATE[HY000] [1045] Access denied for user 'homestead'@'localhost' (using password: YES) in D:\project_laravel_pintaar\sistem_dokumentasi_konsumen\vendor\laravel\framework\src\Illuminate\Database\Connectors\Connector.php:55
Stack trace:
#0 D:\project_laravel_pintaar\sistem_dokumentasi_konsumen\vendor\laravel\framework\src\Illuminate\Database\Connectors\Connector.php(55): PDO->__construct('mysql:host=127....', 'homestead', 'secret', Array)
#1 D:\project_laravel_pintaar\sistem_dokumentasi_konsumen\vendor\laravel\framework\src\Illuminate\Database\Connectors\MySqlConnector.php(22): Illuminate\Database\Connectors\Connector->createConnection('mysql:host=127....', Array, Array)
#2 D:\project_laravel_pintaar\sistem_dokumentasi_konsumen\vendor\laravel\framework\src\Illuminate\Database\Connectors\ConnectionFactory.php(60): Illuminate\Database\Connectors\MySqlConnector->connect(Array)
#3 D:\project_laravel_pintaar\sistem_dokumentasi_konsumen\vendor\laravel\framework\src\Illuminate\Database\Connectors\ConnectionFactory.php(49): Illuminate\Database\Connectors\ConnectionFactory->createSingleConnection(Array)
#4 D:\project_laravel_pintaar\sistem_dokumentasi_konsumen\vendor\laravel\framework\src\Illuminate\Database\DatabaseManager.php(175): Illuminate\Database\Connectors\ConnectionFactory->make(Array, 'mysql')
#5 D:\project_laravel_pintaar\sistem_dokumentasi_konsumen\vendor\laravel\framework\src\Illuminate\Database\DatabaseManager.php(67): Illuminate\Database\DatabaseManager->makeConnection('mysql')
#6 D:\project_laravel_pintaar\sistem_dokumentasi_konsumen\vendor\laravel\framework\src\Illuminate\Database\Eloquent\Model.php(3224): Illuminate\Database\DatabaseManager->connection('mysql')
#7 D:\project_laravel_pintaar\sistem_dokumentasi_konsumen\vendor\laravel\framework\src\Illuminate\Database\Eloquent\Model.php(3190): Illuminate\Database\Eloquent\Model::resolveConnection(NULL)
#8 D:\project_laravel_pintaar\sistem_dokumentasi_konsumen\vendor\laravel\framework\src\Illuminate\Database\Eloquent\Model.php(1870): Illuminate\Database\Eloquent\Model->getConnection()
#9 D:\project_laravel_pintaar\sistem_dokumentasi_konsumen\vendor\laravel\framework\src\Illuminate\Database\Eloquent\Model.php(1813): Illuminate\Database\Eloquent\Model->newBaseQueryBuilder()
#10 D:\project_laravel_pintaar\sistem_dokumentasi_konsumen\vendor\laravel\framework\src\Illuminate\Database\Eloquent\Model.php(1432): Illuminate\Database\Eloquent\Model->newQueryWithoutScopes()
#11 D:\project_laravel_pintaar\sistem_dokumentasi_konsumen\app\Http\Controllers\CustomerrController.php(40): Illuminate\Database\Eloquent\Model->save()
#12 [internal function]: App\Http\Controllers\CustomerrController->create_post(Object(Illuminate\Http\Request))
#13 D:\project_laravel_pintaar\sistem_dokumentasi_konsumen\vendor\laravel\framework\src\Illuminate\Routing\Controller.php(256): call_user_func_array(Array, Array)
#14 D:\project_laravel_pintaar\sistem_dokumentasi_konsumen\vendor\laravel\framework\src\Illuminate\Routing\ControllerDispatcher.php(164): Illuminate\Routing\Controller->callAction('create_post', Array)
#15 D:\project_laravel_pintaar\sistem_dokumentasi_konsumen\vendor\laravel\framework\src\Illuminate\Routing\ControllerDispatcher.php(112): Illuminate\Routing\ControllerDispatcher->call(Object(App\Http\Controllers\CustomerrController), Object(Illuminate\Routing\Route), 'create_post')
#16 [internal function]: Illuminate\Routing\ControllerDispatcher->Illuminate\Routing\{closure}(Object(Illuminate\Http\Request))
#17 D:\project_laravel_pintaar\sistem_dokumentasi_konsumen\vendor\laravel\framework\src\Illuminate\Pipeline\Pipeline.php(139): call_user_func(Object(Closure), Object(Illuminate\Http\Request))
#18 [internal function]: Illuminate\Pipeline\Pipeline->Illuminate\Pipeline\{closure}(Object(Illuminate\Http\Request))
#19 D:\project_laravel_pintaar\sistem_dokumentasi_konsumen\vendor\laravel\framework\src\Illuminate\Pipeline\Pipeline.php(102): call_user_func(Object(Closure), Object(Illuminate\Http\Request))
#20 D:\project_laravel_pintaar\sistem_dokumentasi_konsumen\vendor\laravel\framework\src\Illuminate\Routing\ControllerDispatcher.php(114): Illuminate\Pipeline\Pipeline->then(Object(Closure))
#21 D:\project_laravel_pintaar\sistem_dokumentasi_konsumen\vendor\laravel\framework\src\Illuminate\Routing\ControllerDispatcher.php(68): Illuminate\Routing\ControllerDispatcher->callWithinStack(Object(App\Http\Controllers\CustomerrController), Object(Illuminate\Routing\Route), Object(Illuminate\Http\Request), 'create_post')
#22 D:\project_laravel_pintaar\sistem_dokumentasi_konsumen\vendor\laravel\framework\src\Illuminate\Routing\Route.php(203): Illuminate\Routing\ControllerDispatcher->dispatch(Object(Illuminate\Routing\Route), Object(Illuminate\Http\Request), 'App\\Http\\Contro...', 'create_post')
#23 D:\project_laravel_pintaar\sistem_dokumentasi_konsumen\vendor\laravel\framework\src\Illuminate\Routing\Route.php(134): Illuminate\Routing\Route->runWithCustomDispatcher(Object(Illuminate\Http\Request))
#24 D:\project_laravel_pintaar\sistem_dokumentasi_konsumen\vendor\laravel\framework\src\Illuminate\Routing\Router.php(708): Illuminate\Routing\Route->run(Object(Illuminate\Http\Request))
#25 [internal function]: Illuminate\Routing\Router->Illuminate\Routing\{closure}(Object(Illuminate\Http\Request))
#26 D:\project_laravel_pintaar\sistem_dokumentasi_konsumen\vendor\laravel\framework\src\Illuminate\Pipeline\Pipeline.php(139): call_user_func(Object(Closure), Object(Illuminate\Http\Request))
#27 [internal function]: Illuminate\Pipeline\Pipeline->Illuminate\Pipeline\{closure}(Object(Illuminate\Http\Request))
#28 D:\project_laravel_pintaar\sistem_dokumentasi_konsumen\vendor\laravel\framework\src\Illuminate\Pipeline\Pipeline.php(102): call_user_func(Object(Closure), Object(Illuminate\Http\Request))
#29 D:\project_laravel_pintaar\sistem_dokumentasi_konsumen\vendor\laravel\framework\src\Illuminate\Routing\Router.php(710): Illuminate\Pipeline\Pipeline->then(Object(Closure))
#30 D:\project_laravel_pintaar\sistem_dokumentasi_konsumen\vendor\laravel\framework\src\Illuminate\Routing\Router.php(674): Illuminate\Routing\Router->runRouteWithinStack(Object(Illuminate\Routing\Route), Object(Illuminate\Http\Request))
#31 D:\project_laravel_pintaar\sistem_dokumentasi_konsumen\vendor\laravel\framework\src\Illuminate\Routing\Router.php(635): Illuminate\Routing\Router->dispatchToRoute(Object(Illuminate\Http\Request))
#32 D:\project_laravel_pintaar\sistem_dokumentasi_konsumen\vendor\laravel\framework\src\Illuminate\Foundation\Http\Kernel.php(236): Illuminate\Routing\Router->dispatch(Object(Illuminate\Http\Request))
#33 [internal function]: Illuminate\Foundation\Http\Kernel->Illuminate\Foundation\Http\{closure}(Object(Illuminate\Http\Request))
#34 D:\project_laravel_pintaar\sistem_dokumentasi_konsumen\vendor\laravel\framework\src\Illuminate\Pipeline\Pipeline.php(139): call_user_func(Object(Closure), Object(Illuminate\Http\Request))
#35 D:\project_laravel_pintaar\sistem_dokumentasi_konsumen\vendor\laravel\framework\src\Illuminate\Foundation\Http\Middleware\VerifyCsrfToken.php(50): Illuminate\Pipeline\Pipeline->Illuminate\Pipeline\{closure}(Object(Illuminate\Http\Request))
#36 [internal function]: Illuminate\Foundation\Http\Middleware\VerifyCsrfToken->handle(Object(Illuminate\Http\Request), Object(Closure))
#37 D:\project_laravel_pintaar\sistem_dokumentasi_konsumen\vendor\laravel\framework\src\Illuminate\Pipeline\Pipeline.php(124): call_user_func_array(Array, Array)
#38 D:\project_laravel_pintaar\sistem_dokumentasi_konsumen\vendor\laravel\framework\src\Illuminate\View\Middleware\ShareErrorsFromSession.php(49): Illuminate\Pipeline\Pipeline->Illuminate\Pipeline\{closure}(Object(Illuminate\Http\Request))
#39 [internal function]: Illuminate\View\Middleware\ShareErrorsFromSession->handle(Object(Illuminate\Http\Request), Object(Closure))
#40 D:\project_laravel_pintaar\sistem_dokumentasi_konsumen\vendor\laravel\framework\src\Illuminate\Pipeline\Pipeline.php(124): call_user_func_array(Array, Array)
#41 D:\project_laravel_pintaar\sistem_dokumentasi_konsumen\vendor\laravel\framework\src\Illuminate\Session\Middleware\StartSession.php(62): Illuminate\Pipeline\Pipeline->Illuminate\Pipeline\{closure}(Object(Illuminate\Http\Request))
#42 [internal function]: Illuminate\Session\Middleware\StartSession->handle(Object(Illuminate\Http\Request), Object(Closure))
#43 D:\project_laravel_pintaar\sistem_dokumentasi_konsumen\vendor\laravel\framework\src\Illuminate\Pipeline\Pipeline.php(124): call_user_func_array(Array, Array)
#44 D:\project_laravel_pintaar\sistem_dokumentasi_konsumen\vendor\laravel\framework\src\Illuminate\Cookie\Middleware\AddQueuedCookiesToResponse.php(37): Illuminate\Pipeline\Pipeline->Illuminate\Pipeline\{closure}(Object(Illuminate\Http\Request))
#45 [internal function]: Illuminate\Cookie\Middleware\AddQueuedCookiesToResponse->handle(Object(Illuminate\Http\Request), Object(Closure))
#46 D:\project_laravel_pintaar\sistem_dokumentasi_konsumen\vendor\laravel\framework\src\Illuminate\Pipeline\Pipeline.php(124): call_user_func_array(Array, Array)
#47 D:\project_laravel_pintaar\sistem_dokumentasi_konsumen\vendor\laravel\framework\src\Illuminate\Cookie\Middleware\EncryptCookies.php(59): Illuminate\Pipeline\Pipeline->Illuminate\Pipeline\{closure}(Object(Illuminate\Http\Request))
#48 [internal function]: Illuminate\Cookie\Middleware\EncryptCookies->handle(Object(Illuminate\Http\Request), Object(Closure))
#49 D:\project_laravel_pintaar\sistem_dokumentasi_konsumen\vendor\laravel\framework\src\Illuminate\Pipeline\Pipeline.php(124): call_user_func_array(Array, Array)
#50 D:\project_laravel_pintaar\sistem_dokumentasi_konsumen\vendor\laravel\framework\src\Illuminate\Foundation\Http\Middleware\CheckForMaintenanceMode.php(44): Illuminate\Pipeline\Pipeline->Illuminate\Pipeline\{closure}(Object(Illuminate\Http\Request))
#51 [internal function]: Illuminate\Foundation\Http\Middleware\CheckForMaintenanceMode->handle(Object(Illuminate\Http\Request), Object(Closure))
#52 D:\project_laravel_pintaar\sistem_dokumentasi_konsumen\vendor\laravel\framework\src\Illuminate\Pipeline\Pipeline.php(124): call_user_func_array(Array, Array)
#53 [internal function]: Illuminate\Pipeline\Pipeline->Illuminate\Pipeline\{closure}(Object(Illuminate\Http\Request))
#54 D:\project_laravel_pintaar\sistem_dokumentasi_konsumen\vendor\laravel\framework\src\Illuminate\Pipeline\Pipeline.php(102): call_user_func(Object(Closure), Object(Illuminate\Http\Request))
#55 D:\project_laravel_pintaar\sistem_dokumentasi_konsumen\vendor\laravel\framework\src\Illuminate\Foundation\Http\Kernel.php(122): Illuminate\Pipeline\Pipeline->then(Object(Closure))
#56 D:\project_laravel_pintaar\sistem_dokumentasi_konsumen\vendor\laravel\framework\src\Illuminate\Foundation\Http\Kernel.php(87): Illuminate\Foundation\Http\Kernel->sendRequestThroughRouter(Object(Illuminate\Http\Request))
#57 D:\project_laravel_pintaar\sistem_dokumentasi_konsumen\public\index.php(53): Illuminate\Foundation\Http\Kernel->handle(Object(Illuminate\Http\Request))
#58 D:\project_laravel_pintaar\sistem_dokumentasi_konsumen\server.php(21): require_once('D:\\project_lara...')
#59 {main}  
[2020-05-26 09:07:09] local.ERROR: PDOException: SQLSTATE[HY000] [1045] Access denied for user 'homestead'@'localhost' (using password: YES) in D:\project_laravel_pintaar\sistem_dokumentasi_konsumen\vendor\laravel\framework\src\Illuminate\Database\Connectors\Connector.php:55
Stack trace:
#0 D:\project_laravel_pintaar\sistem_dokumentasi_konsumen\vendor\laravel\framework\src\Illuminate\Database\Connectors\Connector.php(55): PDO->__construct('mysql:host=127....', 'homestead', 'secret', Array)
#1 D:\project_laravel_pintaar\sistem_dokumentasi_konsumen\vendor\laravel\framework\src\Illuminate\Database\Connectors\MySqlConnector.php(22): Illuminate\Database\Connectors\Connector->createConnection('mysql:host=127....', Array, Array)
#2 D:\project_laravel_pintaar\sistem_dokumentasi_konsumen\vendor\laravel\framework\src\Illuminate\Database\Connectors\ConnectionFactory.php(60): Illuminate\Database\Connectors\MySqlConnector->connect(Array)
#3 D:\project_laravel_pintaar\sistem_dokumentasi_konsumen\vendor\laravel\framework\src\Illuminate\Database\Connectors\ConnectionFactory.php(49): Illuminate\Database\Connectors\ConnectionFactory->createSingleConnection(Array)
#4 D:\project_laravel_pintaar\sistem_dokumentasi_konsumen\vendor\laravel\framework\src\Illuminate\Database\DatabaseManager.php(175): Illuminate\Database\Connectors\ConnectionFactory->make(Array, 'mysql')
#5 D:\project_laravel_pintaar\sistem_dokumentasi_konsumen\vendor\laravel\framework\src\Illuminate\Database\DatabaseManager.php(67): Illuminate\Database\DatabaseManager->makeConnection('mysql')
#6 D:\project_laravel_pintaar\sistem_dokumentasi_konsumen\vendor\laravel\framework\src\Illuminate\Database\Eloquent\Model.php(3224): Illuminate\Database\DatabaseManager->connection('mysql')
#7 D:\project_laravel_pintaar\sistem_dokumentasi_konsumen\vendor\laravel\framework\src\Illuminate\Database\Eloquent\Model.php(3190): Illuminate\Database\Eloquent\Model::resolveConnection(NULL)
#8 D:\project_laravel_pintaar\sistem_dokumentasi_konsumen\vendor\laravel\framework\src\Illuminate\Database\Eloquent\Model.php(1870): Illuminate\Database\Eloquent\Model->getConnection()
#9 D:\project_laravel_pintaar\sistem_dokumentasi_konsumen\vendor\laravel\framework\src\Illuminate\Database\Eloquent\Model.php(1813): Illuminate\Database\Eloquent\Model->newBaseQueryBuilder()
#10 D:\project_laravel_pintaar\sistem_dokumentasi_konsumen\vendor\laravel\framework\src\Illuminate\Database\Eloquent\Model.php(1432): Illuminate\Database\Eloquent\Model->newQueryWithoutScopes()
#11 D:\project_laravel_pintaar\sistem_dokumentasi_konsumen\app\Http\Controllers\CustomerrController.php(40): Illuminate\Database\Eloquent\Model->save()
#12 [internal function]: App\Http\Controllers\CustomerrController->create_post(Object(Illuminate\Http\Request))
#13 D:\project_laravel_pintaar\sistem_dokumentasi_konsumen\vendor\laravel\framework\src\Illuminate\Routing\Controller.php(256): call_user_func_array(Array, Array)
#14 D:\project_laravel_pintaar\sistem_dokumentasi_konsumen\vendor\laravel\framework\src\Illuminate\Routing\ControllerDispatcher.php(164): Illuminate\Routing\Controller->callAction('create_post', Array)
#15 D:\project_laravel_pintaar\sistem_dokumentasi_konsumen\vendor\laravel\framework\src\Illuminate\Routing\ControllerDispatcher.php(112): Illuminate\Routing\ControllerDispatcher->call(Object(App\Http\Controllers\CustomerrController), Object(Illuminate\Routing\Route), 'create_post')
#16 [internal function]: Illuminate\Routing\ControllerDispatcher->Illuminate\Routing\{closure}(Object(Illuminate\Http\Request))
#17 D:\project_laravel_pintaar\sistem_dokumentasi_konsumen\vendor\laravel\framework\src\Illuminate\Pipeline\Pipeline.php(139): call_user_func(Object(Closure), Object(Illuminate\Http\Request))
#18 [internal function]: Illuminate\Pipeline\Pipeline->Illuminate\Pipeline\{closure}(Object(Illuminate\Http\Request))
#19 D:\project_laravel_pintaar\sistem_dokumentasi_konsumen\vendor\laravel\framework\src\Illuminate\Pipeline\Pipeline.php(102): call_user_func(Object(Closure), Object(Illuminate\Http\Request))
#20 D:\project_laravel_pintaar\sistem_dokumentasi_konsumen\vendor\laravel\framework\src\Illuminate\Routing\ControllerDispatcher.php(114): Illuminate\Pipeline\Pipeline->then(Object(Closure))
#21 D:\project_laravel_pintaar\sistem_dokumentasi_konsumen\vendor\laravel\framework\src\Illuminate\Routing\ControllerDispatcher.php(68): Illuminate\Routing\ControllerDispatcher->callWithinStack(Object(App\Http\Controllers\CustomerrController), Object(Illuminate\Routing\Route), Object(Illuminate\Http\Request), 'create_post')
#22 D:\project_laravel_pintaar\sistem_dokumentasi_konsumen\vendor\laravel\framework\src\Illuminate\Routing\Route.php(203): Illuminate\Routing\ControllerDispatcher->dispatch(Object(Illuminate\Routing\Route), Object(Illuminate\Http\Request), 'App\\Http\\Contro...', 'create_post')
#23 D:\project_laravel_pintaar\sistem_dokumentasi_konsumen\vendor\laravel\framework\src\Illuminate\Routing\Route.php(134): Illuminate\Routing\Route->runWithCustomDispatcher(Object(Illuminate\Http\Request))
#24 D:\project_laravel_pintaar\sistem_dokumentasi_konsumen\vendor\laravel\framework\src\Illuminate\Routing\Router.php(708): Illuminate\Routing\Route->run(Object(Illuminate\Http\Request))
#25 [internal function]: Illuminate\Routing\Router->Illuminate\Routing\{closure}(Object(Illuminate\Http\Request))
#26 D:\project_laravel_pintaar\sistem_dokumentasi_konsumen\vendor\laravel\framework\src\Illuminate\Pipeline\Pipeline.php(139): call_user_func(Object(Closure), Object(Illuminate\Http\Request))
#27 [internal function]: Illuminate\Pipeline\Pipeline->Illuminate\Pipeline\{closure}(Object(Illuminate\Http\Request))
#28 D:\project_laravel_pintaar\sistem_dokumentasi_konsumen\vendor\laravel\framework\src\Illuminate\Pipeline\Pipeline.php(102): call_user_func(Object(Closure), Object(Illuminate\Http\Request))
#29 D:\project_laravel_pintaar\sistem_dokumentasi_konsumen\vendor\laravel\framework\src\Illuminate\Routing\Router.php(710): Illuminate\Pipeline\Pipeline->then(Object(Closure))
#30 D:\project_laravel_pintaar\sistem_dokumentasi_konsumen\vendor\laravel\framework\src\Illuminate\Routing\Router.php(674): Illuminate\Routing\Router->runRouteWithinStack(Object(Illuminate\Routing\Route), Object(Illuminate\Http\Request))
#31 D:\project_laravel_pintaar\sistem_dokumentasi_konsumen\vendor\laravel\framework\src\Illuminate\Routing\Router.php(635): Illuminate\Routing\Router->dispatchToRoute(Object(Illuminate\Http\Request))
#32 D:\project_laravel_pintaar\sistem_dokumentasi_konsumen\vendor\laravel\framework\src\Illuminate\Foundation\Http\Kernel.php(236): Illuminate\Routing\Router->dispatch(Object(Illuminate\Http\Request))
#33 [internal function]: Illuminate\Foundation\Http\Kernel->Illuminate\Foundation\Http\{closure}(Object(Illuminate\Http\Request))
#34 D:\project_laravel_pintaar\sistem_dokumentasi_konsumen\vendor\laravel\framework\src\Illuminate\Pipeline\Pipeline.php(139): call_user_func(Object(Closure), Object(Illuminate\Http\Request))
#35 D:\project_laravel_pintaar\sistem_dokumentasi_konsumen\vendor\laravel\framework\src\Illuminate\Foundation\Http\Middleware\VerifyCsrfToken.php(50): Illuminate\Pipeline\Pipeline->Illuminate\Pipeline\{closure}(Object(Illuminate\Http\Request))
#36 [internal function]: Illuminate\Foundation\Http\Middleware\VerifyCsrfToken->handle(Object(Illuminate\Http\Request), Object(Closure))
#37 D:\project_laravel_pintaar\sistem_dokumentasi_konsumen\vendor\laravel\framework\src\Illuminate\Pipeline\Pipeline.php(124): call_user_func_array(Array, Array)
#38 D:\project_laravel_pintaar\sistem_dokumentasi_konsumen\vendor\laravel\framework\src\Illuminate\View\Middleware\ShareErrorsFromSession.php(49): Illuminate\Pipeline\Pipeline->Illuminate\Pipeline\{closure}(Object(Illuminate\Http\Request))
#39 [internal function]: Illuminate\View\Middleware\ShareErrorsFromSession->handle(Object(Illuminate\Http\Request), Object(Closure))
#40 D:\project_laravel_pintaar\sistem_dokumentasi_konsumen\vendor\laravel\framework\src\Illuminate\Pipeline\Pipeline.php(124): call_user_func_array(Array, Array)
#41 D:\project_laravel_pintaar\sistem_dokumentasi_konsumen\vendor\laravel\framework\src\Illuminate\Session\Middleware\StartSession.php(62): Illuminate\Pipeline\Pipeline->Illuminate\Pipeline\{closure}(Object(Illuminate\Http\Request))
#42 [internal function]: Illuminate\Session\Middleware\StartSession->handle(Object(Illuminate\Http\Request), Object(Closure))
#43 D:\project_laravel_pintaar\sistem_dokumentasi_konsumen\vendor\laravel\framework\src\Illuminate\Pipeline\Pipeline.php(124): call_user_func_array(Array, Array)
#44 D:\project_laravel_pintaar\sistem_dokumentasi_konsumen\vendor\laravel\framework\src\Illuminate\Cookie\Middleware\AddQueuedCookiesToResponse.php(37): Illuminate\Pipeline\Pipeline->Illuminate\Pipeline\{closure}(Object(Illuminate\Http\Request))
#45 [internal function]: Illuminate\Cookie\Middleware\AddQueuedCookiesToResponse->handle(Object(Illuminate\Http\Request), Object(Closure))
#46 D:\project_laravel_pintaar\sistem_dokumentasi_konsumen\vendor\laravel\framework\src\Illuminate\Pipeline\Pipeline.php(124): call_user_func_array(Array, Array)
#47 D:\project_laravel_pintaar\sistem_dokumentasi_konsumen\vendor\laravel\framework\src\Illuminate\Cookie\Middleware\EncryptCookies.php(59): Illuminate\Pipeline\Pipeline->Illuminate\Pipeline\{closure}(Object(Illuminate\Http\Request))
#48 [internal function]: Illuminate\Cookie\Middleware\EncryptCookies->handle(Object(Illuminate\Http\Request), Object(Closure))
#49 D:\project_laravel_pintaar\sistem_dokumentasi_konsumen\vendor\laravel\framework\src\Illuminate\Pipeline\Pipeline.php(124): call_user_func_array(Array, Array)
#50 D:\project_laravel_pintaar\sistem_dokumentasi_konsumen\vendor\laravel\framework\src\Illuminate\Foundation\Http\Middleware\CheckForMaintenanceMode.php(44): Illuminate\Pipeline\Pipeline->Illuminate\Pipeline\{closure}(Object(Illuminate\Http\Request))
#51 [internal function]: Illuminate\Foundation\Http\Middleware\CheckForMaintenanceMode->handle(Object(Illuminate\Http\Request), Object(Closure))
#52 D:\project_laravel_pintaar\sistem_dokumentasi_konsumen\vendor\laravel\framework\src\Illuminate\Pipeline\Pipeline.php(124): call_user_func_array(Array, Array)
#53 [internal function]: Illuminate\Pipeline\Pipeline->Illuminate\Pipeline\{closure}(Object(Illuminate\Http\Request))
#54 D:\project_laravel_pintaar\sistem_dokumentasi_konsumen\vendor\laravel\framework\src\Illuminate\Pipeline\Pipeline.php(102): call_user_func(Object(Closure), Object(Illuminate\Http\Request))
#55 D:\project_laravel_pintaar\sistem_dokumentasi_konsumen\vendor\laravel\framework\src\Illuminate\Foundation\Http\Kernel.php(122): Illuminate\Pipeline\Pipeline->then(Object(Closure))
#56 D:\project_laravel_pintaar\sistem_dokumentasi_konsumen\vendor\laravel\framework\src\Illuminate\Foundation\Http\Kernel.php(87): Illuminate\Foundation\Http\Kernel->sendRequestThroughRouter(Object(Illuminate\Http\Request))
#57 D:\project_laravel_pintaar\sistem_dokumentasi_konsumen\public\index.php(53): Illuminate\Foundation\Http\Kernel->handle(Object(Illuminate\Http\Request))
#58 D:\project_laravel_pintaar\sistem_dokumentasi_konsumen\server.php(21): require_once('D:\\project_lara...')
#59 {main}  
[2020-05-26 09:07:26] local.ERROR: InvalidArgumentException: Command "make:auth" is not defined.

Did you mean one of these?
    make:command
    make:console
    make:event
    make:job
    make:listener
    make:model
    make:policy
    make:provider
    make:request
    make:test
    make:migration
    make:seeder
    make:controller
    make:middleware in D:\project_laravel_pintaar\sistem_dokumentasi_konsumen\vendor\symfony\console\Application.php:523
Stack trace:
#0 D:\project_laravel_pintaar\sistem_dokumentasi_konsumen\vendor\symfony\console\Application.php(187): Symfony\Component\Console\Application->find('make:auth')
#1 D:\project_laravel_pintaar\sistem_dokumentasi_konsumen\vendor\symfony\console\Application.php(114): Symfony\Component\Console\Application->doRun(Object(Symfony\Component\Console\Input\ArgvInput), Object(Symfony\Component\Console\Output\ConsoleOutput))
#2 D:\project_laravel_pintaar\sistem_dokumentasi_konsumen\vendor\laravel\framework\src\Illuminate\Foundation\Console\Kernel.php(107): Symfony\Component\Console\Application->run(Object(Symfony\Component\Console\Input\ArgvInput), Object(Symfony\Component\Console\Output\ConsoleOutput))
#3 D:\project_laravel_pintaar\sistem_dokumentasi_konsumen\artisan(35): Illuminate\Foundation\Console\Kernel->handle(Object(Symfony\Component\Console\Input\ArgvInput), Object(Symfony\Component\Console\Output\ConsoleOutput))
#4 {main}  
[2020-05-26 09:07:44] local.ERROR: InvalidArgumentException: Command "make:auth" is not defined.

Did you mean one of these?
    make:command
    make:console
    make:event
    make:job
    make:listener
    make:model
    make:policy
    make:provider
    make:request
    make:test
    make:migration
    make:seeder
    make:controller
    make:middleware in D:\project_laravel_pintaar\sistem_dokumentasi_konsumen\vendor\symfony\console\Application.php:523
Stack trace:
#0 D:\project_laravel_pintaar\sistem_dokumentasi_konsumen\vendor\symfony\console\Application.php(187): Symfony\Component\Console\Application->find('make:auth')
#1 D:\project_laravel_pintaar\sistem_dokumentasi_konsumen\vendor\symfony\console\Application.php(114): Symfony\Component\Console\Application->doRun(Object(Symfony\Component\Console\Input\ArgvInput), Object(Symfony\Component\Console\Output\ConsoleOutput))
#2 D:\project_laravel_pintaar\sistem_dokumentasi_konsumen\vendor\laravel\framework\src\Illuminate\Foundation\Console\Kernel.php(107): Symfony\Component\Console\Application->run(Object(Symfony\Component\Console\Input\ArgvInput), Object(Symfony\Component\Console\Output\ConsoleOutput))
#3 D:\project_laravel_pintaar\sistem_dokumentasi_konsumen\artisan(35): Illuminate\Foundation\Console\Kernel->handle(Object(Symfony\Component\Console\Input\ArgvInput), Object(Symfony\Component\Console\Output\ConsoleOutput))
#4 {main}  
[2020-05-26 09:11:05] local.ERROR: PDOException: SQLSTATE[HY000] [1045] Access denied for user 'homestead'@'localhost' (using password: YES) in D:\project_laravel_pintaar\sistem_dokumentasi_konsumen\vendor\laravel\framework\src\Illuminate\Database\Connectors\Connector.php:55
Stack trace:
#0 D:\project_laravel_pintaar\sistem_dokumentasi_konsumen\vendor\laravel\framework\src\Illuminate\Database\Connectors\Connector.php(55): PDO->__construct('mysql:host=127....', 'homestead', 'secret', Array)
#1 D:\project_laravel_pintaar\sistem_dokumentasi_konsumen\vendor\laravel\framework\src\Illuminate\Database\Connectors\MySqlConnector.php(22): Illuminate\Database\Connectors\Connector->createConnection('mysql:host=127....', Array, Array)
#2 D:\project_laravel_pintaar\sistem_dokumentasi_konsumen\vendor\laravel\framework\src\Illuminate\Database\Connectors\ConnectionFactory.php(60): Illuminate\Database\Connectors\MySqlConnector->connect(Array)
#3 D:\project_laravel_pintaar\sistem_dokumentasi_konsumen\vendor\laravel\framework\src\Illuminate\Database\Connectors\ConnectionFactory.php(49): Illuminate\Database\Connectors\ConnectionFactory->createSingleConnection(Array)
#4 D:\project_laravel_pintaar\sistem_dokumentasi_konsumen\vendor\laravel\framework\src\Illuminate\Database\DatabaseManager.php(175): Illuminate\Database\Connectors\ConnectionFactory->make(Array, 'mysql')
#5 D:\project_laravel_pintaar\sistem_dokumentasi_konsumen\vendor\laravel\framework\src\Illuminate\Database\DatabaseManager.php(67): Illuminate\Database\DatabaseManager->makeConnection('mysql')
#6 D:\project_laravel_pintaar\sistem_dokumentasi_konsumen\vendor\laravel\framework\src\Illuminate\Database\Eloquent\Model.php(3224): Illuminate\Database\DatabaseManager->connection('mysql')
#7 D:\project_laravel_pintaar\sistem_dokumentasi_konsumen\vendor\laravel\framework\src\Illuminate\Database\Eloquent\Model.php(3190): Illuminate\Database\Eloquent\Model::resolveConnection(NULL)
#8 D:\project_laravel_pintaar\sistem_dokumentasi_konsumen\vendor\laravel\framework\src\Illuminate\Database\Eloquent\Model.php(1870): Illuminate\Database\Eloquent\Model->getConnection()
#9 D:\project_laravel_pintaar\sistem_dokumentasi_konsumen\vendor\laravel\framework\src\Illuminate\Database\Eloquent\Model.php(1813): Illuminate\Database\Eloquent\Model->newBaseQueryBuilder()
#10 D:\project_laravel_pintaar\sistem_dokumentasi_konsumen\vendor\laravel\framework\src\Illuminate\Database\Eloquent\Model.php(1432): Illuminate\Database\Eloquent\Model->newQueryWithoutScopes()
#11 D:\project_laravel_pintaar\sistem_dokumentasi_konsumen\app\Http\Controllers\CustomerrController.php(40): Illuminate\Database\Eloquent\Model->save()
#12 [internal function]: App\Http\Controllers\CustomerrController->create_post(Object(Illuminate\Http\Request))
#13 D:\project_laravel_pintaar\sistem_dokumentasi_konsumen\vendor\laravel\framework\src\Illuminate\Routing\Controller.php(256): call_user_func_array(Array, Array)
#14 D:\project_laravel_pintaar\sistem_dokumentasi_konsumen\vendor\laravel\framework\src\Illuminate\Routing\ControllerDispatcher.php(164): Illuminate\Routing\Controller->callAction('create_post', Array)
#15 D:\project_laravel_pintaar\sistem_dokumentasi_konsumen\vendor\laravel\framework\src\Illuminate\Routing\ControllerDispatcher.php(112): Illuminate\Routing\ControllerDispatcher->call(Object(App\Http\Controllers\CustomerrController), Object(Illuminate\Routing\Route), 'create_post')
#16 [internal function]: Illuminate\Routing\ControllerDispatcher->Illuminate\Routing\{closure}(Object(Illuminate\Http\Request))
#17 D:\project_laravel_pintaar\sistem_dokumentasi_konsumen\vendor\laravel\framework\src\Illuminate\Pipeline\Pipeline.php(139): call_user_func(Object(Closure), Object(Illuminate\Http\Request))
#18 [internal function]: Illuminate\Pipeline\Pipeline->Illuminate\Pipeline\{closure}(Object(Illuminate\Http\Request))
#19 D:\project_laravel_pintaar\sistem_dokumentasi_konsumen\vendor\laravel\framework\src\Illuminate\Pipeline\Pipeline.php(102): call_user_func(Object(Closure), Object(Illuminate\Http\Request))
#20 D:\project_laravel_pintaar\sistem_dokumentasi_konsumen\vendor\laravel\framework\src\Illuminate\Routing\ControllerDispatcher.php(114): Illuminate\Pipeline\Pipeline->then(Object(Closure))
#21 D:\project_laravel_pintaar\sistem_dokumentasi_konsumen\vendor\laravel\framework\src\Illuminate\Routing\ControllerDispatcher.php(68): Illuminate\Routing\ControllerDispatcher->callWithinStack(Object(App\Http\Controllers\CustomerrController), Object(Illuminate\Routing\Route), Object(Illuminate\Http\Request), 'create_post')
#22 D:\project_laravel_pintaar\sistem_dokumentasi_konsumen\vendor\laravel\framework\src\Illuminate\Routing\Route.php(203): Illuminate\Routing\ControllerDispatcher->dispatch(Object(Illuminate\Routing\Route), Object(Illuminate\Http\Request), 'App\\Http\\Contro...', 'create_post')
#23 D:\project_laravel_pintaar\sistem_dokumentasi_konsumen\vendor\laravel\framework\src\Illuminate\Routing\Route.php(134): Illuminate\Routing\Route->runWithCustomDispatcher(Object(Illuminate\Http\Request))
#24 D:\project_laravel_pintaar\sistem_dokumentasi_konsumen\vendor\laravel\framework\src\Illuminate\Routing\Router.php(708): Illuminate\Routing\Route->run(Object(Illuminate\Http\Request))
#25 [internal function]: Illuminate\Routing\Router->Illuminate\Routing\{closure}(Object(Illuminate\Http\Request))
#26 D:\project_laravel_pintaar\sistem_dokumentasi_konsumen\vendor\laravel\framework\src\Illuminate\Pipeline\Pipeline.php(139): call_user_func(Object(Closure), Object(Illuminate\Http\Request))
#27 [internal function]: Illuminate\Pipeline\Pipeline->Illuminate\Pipeline\{closure}(Object(Illuminate\Http\Request))
#28 D:\project_laravel_pintaar\sistem_dokumentasi_konsumen\vendor\laravel\framework\src\Illuminate\Pipeline\Pipeline.php(102): call_user_func(Object(Closure), Object(Illuminate\Http\Request))
#29 D:\project_laravel_pintaar\sistem_dokumentasi_konsumen\vendor\laravel\framework\src\Illuminate\Routing\Router.php(710): Illuminate\Pipeline\Pipeline->then(Object(Closure))
#30 D:\project_laravel_pintaar\sistem_dokumentasi_konsumen\vendor\laravel\framework\src\Illuminate\Routing\Router.php(674): Illuminate\Routing\Router->runRouteWithinStack(Object(Illuminate\Routing\Route), Object(Illuminate\Http\Request))
#31 D:\project_laravel_pintaar\sistem_dokumentasi_konsumen\vendor\laravel\framework\src\Illuminate\Routing\Router.php(635): Illuminate\Routing\Router->dispatchToRoute(Object(Illuminate\Http\Request))
#32 D:\project_laravel_pintaar\sistem_dokumentasi_konsumen\vendor\laravel\framework\src\Illuminate\Foundation\Http\Kernel.php(236): Illuminate\Routing\Router->dispatch(Object(Illuminate\Http\Request))
#33 [internal function]: Illuminate\Foundation\Http\Kernel->Illuminate\Foundation\Http\{closure}(Object(Illuminate\Http\Request))
#34 D:\project_laravel_pintaar\sistem_dokumentasi_konsumen\vendor\laravel\framework\src\Illuminate\Pipeline\Pipeline.php(139): call_user_func(Object(Closure), Object(Illuminate\Http\Request))
#35 D:\project_laravel_pintaar\sistem_dokumentasi_konsumen\vendor\laravel\framework\src\Illuminate\Foundation\Http\Middleware\VerifyCsrfToken.php(50): Illuminate\Pipeline\Pipeline->Illuminate\Pipeline\{closure}(Object(Illuminate\Http\Request))
#36 [internal function]: Illuminate\Foundation\Http\Middleware\VerifyCsrfToken->handle(Object(Illuminate\Http\Request), Object(Closure))
#37 D:\project_laravel_pintaar\sistem_dokumentasi_konsumen\vendor\laravel\framework\src\Illuminate\Pipeline\Pipeline.php(124): call_user_func_array(Array, Array)
#38 D:\project_laravel_pintaar\sistem_dokumentasi_konsumen\vendor\laravel\framework\src\Illuminate\View\Middleware\ShareErrorsFromSession.php(49): Illuminate\Pipeline\Pipeline->Illuminate\Pipeline\{closure}(Object(Illuminate\Http\Request))
#39 [internal function]: Illuminate\View\Middleware\ShareErrorsFromSession->handle(Object(Illuminate\Http\Request), Object(Closure))
#40 D:\project_laravel_pintaar\sistem_dokumentasi_konsumen\vendor\laravel\framework\src\Illuminate\Pipeline\Pipeline.php(124): call_user_func_array(Array, Array)
#41 D:\project_laravel_pintaar\sistem_dokumentasi_konsumen\vendor\laravel\framework\src\Illuminate\Session\Middleware\StartSession.php(62): Illuminate\Pipeline\Pipeline->Illuminate\Pipeline\{closure}(Object(Illuminate\Http\Request))
#42 [internal function]: Illuminate\Session\Middleware\StartSession->handle(Object(Illuminate\Http\Request), Object(Closure))
#43 D:\project_laravel_pintaar\sistem_dokumentasi_konsumen\vendor\laravel\framework\src\Illuminate\Pipeline\Pipeline.php(124): call_user_func_array(Array, Array)
#44 D:\project_laravel_pintaar\sistem_dokumentasi_konsumen\vendor\laravel\framework\src\Illuminate\Cookie\Middleware\AddQueuedCookiesToResponse.php(37): Illuminate\Pipeline\Pipeline->Illuminate\Pipeline\{closure}(Object(Illuminate\Http\Request))
#45 [internal function]: Illuminate\Cookie\Middleware\AddQueuedCookiesToResponse->handle(Object(Illuminate\Http\Request), Object(Closure))
#46 D:\project_laravel_pintaar\sistem_dokumentasi_konsumen\vendor\laravel\framework\src\Illuminate\Pipeline\Pipeline.php(124): call_user_func_array(Array, Array)
#47 D:\project_laravel_pintaar\sistem_dokumentasi_konsumen\vendor\laravel\framework\src\Illuminate\Cookie\Middleware\EncryptCookies.php(59): Illuminate\Pipeline\Pipeline->Illuminate\Pipeline\{closure}(Object(Illuminate\Http\Request))
#48 [internal function]: Illuminate\Cookie\Middleware\EncryptCookies->handle(Object(Illuminate\Http\Request), Object(Closure))
#49 D:\project_laravel_pintaar\sistem_dokumentasi_konsumen\vendor\laravel\framework\src\Illuminate\Pipeline\Pipeline.php(124): call_user_func_array(Array, Array)
#50 D:\project_laravel_pintaar\sistem_dokumentasi_konsumen\vendor\laravel\framework\src\Illuminate\Foundation\Http\Middleware\CheckForMaintenanceMode.php(44): Illuminate\Pipeline\Pipeline->Illuminate\Pipeline\{closure}(Object(Illuminate\Http\Request))
#51 [internal function]: Illuminate\Foundation\Http\Middleware\CheckForMaintenanceMode->handle(Object(Illuminate\Http\Request), Object(Closure))
#52 D:\project_laravel_pintaar\sistem_dokumentasi_konsumen\vendor\laravel\framework\src\Illuminate\Pipeline\Pipeline.php(124): call_user_func_array(Array, Array)
#53 [internal function]: Illuminate\Pipeline\Pipeline->Illuminate\Pipeline\{closure}(Object(Illuminate\Http\Request))
#54 D:\project_laravel_pintaar\sistem_dokumentasi_konsumen\vendor\laravel\framework\src\Illuminate\Pipeline\Pipeline.php(102): call_user_func(Object(Closure), Object(Illuminate\Http\Request))
#55 D:\project_laravel_pintaar\sistem_dokumentasi_konsumen\vendor\laravel\framework\src\Illuminate\Foundation\Http\Kernel.php(122): Illuminate\Pipeline\Pipeline->then(Object(Closure))
#56 D:\project_laravel_pintaar\sistem_dokumentasi_konsumen\vendor\laravel\framework\src\Illuminate\Foundation\Http\Kernel.php(87): Illuminate\Foundation\Http\Kernel->sendRequestThroughRouter(Object(Illuminate\Http\Request))
#57 D:\project_laravel_pintaar\sistem_dokumentasi_konsumen\public\index.php(53): Illuminate\Foundation\Http\Kernel->handle(Object(Illuminate\Http\Request))
#58 D:\project_laravel_pintaar\sistem_dokumentasi_konsumen\server.php(21): require_once('D:\\project_lara...')
#59 {main}  
[2020-05-26 14:07:55] local.ERROR: InvalidArgumentException: Command "migrain" is not defined.

Did you mean one of these?
    migrate
    migrate:install
    migrate:rollback
    migrate:reset
    migrate:refresh
    migrate:status in D:\project_laravel_pintaar\sistem_dokumentasi_konsumen\vendor\symfony\console\Application.php:523
Stack trace:
#0 D:\project_laravel_pintaar\sistem_dokumentasi_konsumen\vendor\symfony\console\Application.php(187): Symfony\Component\Console\Application->find('migrain')
#1 D:\project_laravel_pintaar\sistem_dokumentasi_konsumen\vendor\symfony\console\Application.php(114): Symfony\Component\Console\Application->doRun(Object(Symfony\Component\Console\Input\ArgvInput), Object(Symfony\Component\Console\Output\ConsoleOutput))
#2 D:\project_laravel_pintaar\sistem_dokumentasi_konsumen\vendor\laravel\framework\src\Illuminate\Foundation\Console\Kernel.php(107): Symfony\Component\Console\Application->run(Object(Symfony\Component\Console\Input\ArgvInput), Object(Symfony\Component\Console\Output\ConsoleOutput))
#3 D:\project_laravel_pintaar\sistem_dokumentasi_konsumen\artisan(35): Illuminate\Foundation\Console\Kernel->handle(Object(Symfony\Component\Console\Input\ArgvInput), Object(Symfony\Component\Console\Output\ConsoleOutput))
#4 {main}  
[2020-05-26 14:13:40] local.ERROR: ErrorException: Undefined variable: Customerr in D:\project_laravel_pintaar\sistem_dokumentasi_konsumen\storage\framework\views\48edb2e0d3c21f2bff60a7a6e6d7cde1:2
Stack trace:
#0 D:\project_laravel_pintaar\sistem_dokumentasi_konsumen\storage\framework\views\48edb2e0d3c21f2bff60a7a6e6d7cde1(2): Illuminate\Foundation\Bootstrap\HandleExceptions->handleError(8, 'Undefined varia...', 'D:\\project_lara...', 2, Array)
#1 D:\project_laravel_pintaar\sistem_dokumentasi_konsumen\vendor\laravel\framework\src\Illuminate\View\Engines\PhpEngine.php(42): include('D:\\project_lara...')
#2 D:\project_laravel_pintaar\sistem_dokumentasi_konsumen\vendor\laravel\framework\src\Illuminate\View\Engines\CompilerEngine.php(58): Illuminate\View\Engines\PhpEngine->evaluatePath('D:\\project_lara...', Array)
#3 D:\project_laravel_pintaar\sistem_dokumentasi_konsumen\vendor\laravel\framework\src\Illuminate\View\View.php(147): Illuminate\View\Engines\CompilerEngine->get('D:\\project_lara...', Array)
#4 D:\project_laravel_pintaar\sistem_dokumentasi_konsumen\vendor\laravel\framework\src\Illuminate\View\View.php(118): Illuminate\View\View->getContents()
#5 D:\project_laravel_pintaar\sistem_dokumentasi_konsumen\vendor\laravel\framework\src\Illuminate\View\View.php(83): Illuminate\View\View->renderContents()
#6 D:\project_laravel_pintaar\sistem_dokumentasi_konsumen\vendor\laravel\framework\src\Illuminate\Http\Response.php(51): Illuminate\View\View->render()
#7 D:\project_laravel_pintaar\sistem_dokumentasi_konsumen\vendor\symfony\http-foundation\Response.php(202): Illuminate\Http\Response->setContent(Object(Illuminate\View\View))
#8 D:\project_laravel_pintaar\sistem_dokumentasi_konsumen\vendor\laravel\framework\src\Illuminate\Routing\Router.php(1229): Symfony\Component\HttpFoundation\Response->__construct(Object(Illuminate\View\View))
#9 D:\project_laravel_pintaar\sistem_dokumentasi_konsumen\vendor\laravel\framework\src\Illuminate\Routing\ControllerDispatcher.php(112): Illuminate\Routing\Router->prepareResponse(Object(Illuminate\Http\Request), Object(Illuminate\View\View))
#10 [internal function]: Illuminate\Routing\ControllerDispatcher->Illuminate\Routing\{closure}(Object(Illuminate\Http\Request))
#11 D:\project_laravel_pintaar\sistem_dokumentasi_konsumen\vendor\laravel\framework\src\Illuminate\Pipeline\Pipeline.php(139): call_user_func(Object(Closure), Object(Illuminate\Http\Request))
#12 [internal function]: Illuminate\Pipeline\Pipeline->Illuminate\Pipeline\{closure}(Object(Illuminate\Http\Request))
#13 D:\project_laravel_pintaar\sistem_dokumentasi_konsumen\vendor\laravel\framework\src\Illuminate\Pipeline\Pipeline.php(102): call_user_func(Object(Closure), Object(Illuminate\Http\Request))
#14 D:\project_laravel_pintaar\sistem_dokumentasi_konsumen\vendor\laravel\framework\src\Illuminate\Routing\ControllerDispatcher.php(114): Illuminate\Pipeline\Pipeline->then(Object(Closure))
#15 D:\project_laravel_pintaar\sistem_dokumentasi_konsumen\vendor\laravel\framework\src\Illuminate\Routing\ControllerDispatcher.php(68): Illuminate\Routing\ControllerDispatcher->callWithinStack(Object(App\Http\Controllers\CustomerrController), Object(Illuminate\Routing\Route), Object(Illuminate\Http\Request), 'create_post')
#16 D:\project_laravel_pintaar\sistem_dokumentasi_konsumen\vendor\laravel\framework\src\Illuminate\Routing\Route.php(203): Illuminate\Routing\ControllerDispatcher->dispatch(Object(Illuminate\Routing\Route), Object(Illuminate\Http\Request), 'App\\Http\\Contro...', 'create_post')
#17 D:\project_laravel_pintaar\sistem_dokumentasi_konsumen\vendor\laravel\framework\src\Illuminate\Routing\Route.php(134): Illuminate\Routing\Route->runWithCustomDispatcher(Object(Illuminate\Http\Request))
#18 D:\project_laravel_pintaar\sistem_dokumentasi_konsumen\vendor\laravel\framework\src\Illuminate\Routing\Router.php(708): Illuminate\Routing\Route->run(Object(Illuminate\Http\Request))
#19 [internal function]: Illuminate\Routing\Router->Illuminate\Routing\{closure}(Object(Illuminate\Http\Request))
#20 D:\project_laravel_pintaar\sistem_dokumentasi_konsumen\vendor\laravel\framework\src\Illuminate\Pipeline\Pipeline.php(139): call_user_func(Object(Closure), Object(Illuminate\Http\Request))
#21 [internal function]: Illuminate\Pipeline\Pipeline->Illuminate\Pipeline\{closure}(Object(Illuminate\Http\Request))
#22 D:\project_laravel_pintaar\sistem_dokumentasi_konsumen\vendor\laravel\framework\src\Illuminate\Pipeline\Pipeline.php(102): call_user_func(Object(Closure), Object(Illuminate\Http\Request))
#23 D:\project_laravel_pintaar\sistem_dokumentasi_konsumen\vendor\laravel\framework\src\Illuminate\Routing\Router.php(710): Illuminate\Pipeline\Pipeline->then(Object(Closure))
#24 D:\project_laravel_pintaar\sistem_dokumentasi_konsumen\vendor\laravel\framework\src\Illuminate\Routing\Router.php(674): Illuminate\Routing\Router->runRouteWithinStack(Object(Illuminate\Routing\Route), Object(Illuminate\Http\Request))
#25 D:\project_laravel_pintaar\sistem_dokumentasi_konsumen\vendor\laravel\framework\src\Illuminate\Routing\Router.php(635): Illuminate\Routing\Router->dispatchToRoute(Object(Illuminate\Http\Request))
#26 D:\project_laravel_pintaar\sistem_dokumentasi_konsumen\vendor\laravel\framework\src\Illuminate\Foundation\Http\Kernel.php(236): Illuminate\Routing\Router->dispatch(Object(Illuminate\Http\Request))
#27 [internal function]: Illuminate\Foundation\Http\Kernel->Illuminate\Foundation\Http\{closure}(Object(Illuminate\Http\Request))
#28 D:\project_laravel_pintaar\sistem_dokumentasi_konsumen\vendor\laravel\framework\src\Illuminate\Pipeline\Pipeline.php(139): call_user_func(Object(Closure), Object(Illuminate\Http\Request))
#29 D:\project_laravel_pintaar\sistem_dokumentasi_konsumen\vendor\laravel\framework\src\Illuminate\Foundation\Http\Middleware\VerifyCsrfToken.php(50): Illuminate\Pipeline\Pipeline->Illuminate\Pipeline\{closure}(Object(Illuminate\Http\Request))
#30 [internal function]: Illuminate\Foundation\Http\Middleware\VerifyCsrfToken->handle(Object(Illuminate\Http\Request), Object(Closure))
#31 D:\project_laravel_pintaar\sistem_dokumentasi_konsumen\vendor\laravel\framework\src\Illuminate\Pipeline\Pipeline.php(124): call_user_func_array(Array, Array)
#32 D:\project_laravel_pintaar\sistem_dokumentasi_konsumen\vendor\laravel\framework\src\Illuminate\View\Middleware\ShareErrorsFromSession.php(49): Illuminate\Pipeline\Pipeline->Illuminate\Pipeline\{closure}(Object(Illuminate\Http\Request))
#33 [internal function]: Illuminate\View\Middleware\ShareErrorsFromSession->handle(Object(Illuminate\Http\Request), Object(Closure))
#34 D:\project_laravel_pintaar\sistem_dokumentasi_konsumen\vendor\laravel\framework\src\Illuminate\Pipeline\Pipeline.php(124): call_user_func_array(Array, Array)
#35 D:\project_laravel_pintaar\sistem_dokumentasi_konsumen\vendor\laravel\framework\src\Illuminate\Session\Middleware\StartSession.php(62): Illuminate\Pipeline\Pipeline->Illuminate\Pipeline\{closure}(Object(Illuminate\Http\Request))
#36 [internal function]: Illuminate\Session\Middleware\StartSession->handle(Object(Illuminate\Http\Request), Object(Closure))
#37 D:\project_laravel_pintaar\sistem_dokumentasi_konsumen\vendor\laravel\framework\src\Illuminate\Pipeline\Pipeline.php(124): call_user_func_array(Array, Array)
#38 D:\project_laravel_pintaar\sistem_dokumentasi_konsumen\vendor\laravel\framework\src\Illuminate\Cookie\Middleware\AddQueuedCookiesToResponse.php(37): Illuminate\Pipeline\Pipeline->Illuminate\Pipeline\{closure}(Object(Illuminate\Http\Request))
#39 [internal function]: Illuminate\Cookie\Middleware\AddQueuedCookiesToResponse->handle(Object(Illuminate\Http\Request), Object(Closure))
#40 D:\project_laravel_pintaar\sistem_dokumentasi_konsumen\vendor\laravel\framework\src\Illuminate\Pipeline\Pipeline.php(124): call_user_func_array(Array, Array)
#41 D:\project_laravel_pintaar\sistem_dokumentasi_konsumen\vendor\laravel\framework\src\Illuminate\Cookie\Middleware\EncryptCookies.php(59): Illuminate\Pipeline\Pipeline->Illuminate\Pipeline\{closure}(Object(Illuminate\Http\Request))
#42 [internal function]: Illuminate\Cookie\Middleware\EncryptCookies->handle(Object(Illuminate\Http\Request), Object(Closure))
#43 D:\project_laravel_pintaar\sistem_dokumentasi_konsumen\vendor\laravel\framework\src\Illuminate\Pipeline\Pipeline.php(124): call_user_func_array(Array, Array)
#44 D:\project_laravel_pintaar\sistem_dokumentasi_konsumen\vendor\laravel\framework\src\Illuminate\Foundation\Http\Middleware\CheckForMaintenanceMode.php(44): Illuminate\Pipeline\Pipeline->Illuminate\Pipeline\{closure}(Object(Illuminate\Http\Request))
#45 [internal function]: Illuminate\Foundation\Http\Middleware\CheckForMaintenanceMode->handle(Object(Illuminate\Http\Request), Object(Closure))
#46 D:\project_laravel_pintaar\sistem_dokumentasi_konsumen\vendor\laravel\framework\src\Illuminate\Pipeline\Pipeline.php(124): call_user_func_array(Array, Array)
#47 [internal function]: Illuminate\Pipeline\Pipeline->Illuminate\Pipeline\{closure}(Object(Illuminate\Http\Request))
#48 D:\project_laravel_pintaar\sistem_dokumentasi_konsumen\vendor\laravel\framework\src\Illuminate\Pipeline\Pipeline.php(102): call_user_func(Object(Closure), Object(Illuminate\Http\Request))
#49 D:\project_laravel_pintaar\sistem_dokumentasi_konsumen\vendor\laravel\framework\src\Illuminate\Foundation\Http\Kernel.php(122): Illuminate\Pipeline\Pipeline->then(Object(Closure))
#50 D:\project_laravel_pintaar\sistem_dokumentasi_konsumen\vendor\laravel\framework\src\Illuminate\Foundation\Http\Kernel.php(87): Illuminate\Foundation\Http\Kernel->sendRequestThroughRouter(Object(Illuminate\Http\Request))
#51 D:\project_laravel_pintaar\sistem_dokumentasi_konsumen\public\index.php(53): Illuminate\Foundation\Http\Kernel->handle(Object(Illuminate\Http\Request))
#52 D:\project_laravel_pintaar\sistem_dokumentasi_konsumen\server.php(21): require_once('D:\\project_lara...')
#53 {main}

Next ErrorException: Undefined variable: Customerr (View: D:\project_laravel_pintaar\sistem_dokumentasi_konsumen\resources\views\view_Customerr.blade.php) in D:\project_laravel_pintaar\sistem_dokumentasi_konsumen\storage\framework\views\48edb2e0d3c21f2bff60a7a6e6d7cde1:2
Stack trace:
#0 D:\project_laravel_pintaar\sistem_dokumentasi_konsumen\vendor\laravel\framework\src\Illuminate\View\Engines\PhpEngine.php(44): Illuminate\View\Engines\CompilerEngine->handleViewException(Object(ErrorException), 1)
#1 D:\project_laravel_pintaar\sistem_dokumentasi_konsumen\vendor\laravel\framework\src\Illuminate\View\Engines\CompilerEngine.php(58): Illuminate\View\Engines\PhpEngine->evaluatePath('D:\\project_lara...', Array)
#2 D:\project_laravel_pintaar\sistem_dokumentasi_konsumen\vendor\laravel\framework\src\Illuminate\View\View.php(147): Illuminate\View\Engines\CompilerEngine->get('D:\\project_lara...', Array)
#3 D:\project_laravel_pintaar\sistem_dokumentasi_konsumen\vendor\laravel\framework\src\Illuminate\View\View.php(118): Illuminate\View\View->getContents()
#4 D:\project_laravel_pintaar\sistem_dokumentasi_konsumen\vendor\laravel\framework\src\Illuminate\View\View.php(83): Illuminate\View\View->renderContents()
#5 D:\project_laravel_pintaar\sistem_dokumentasi_konsumen\vendor\laravel\framework\src\Illuminate\Http\Response.php(51): Illuminate\View\View->render()
#6 D:\project_laravel_pintaar\sistem_dokumentasi_konsumen\vendor\symfony\http-foundation\Response.php(202): Illuminate\Http\Response->setContent(Object(Illuminate\View\View))
#7 D:\project_laravel_pintaar\sistem_dokumentasi_konsumen\vendor\laravel\framework\src\Illuminate\Routing\Router.php(1229): Symfony\Component\HttpFoundation\Response->__construct(Object(Illuminate\View\View))
#8 D:\project_laravel_pintaar\sistem_dokumentasi_konsumen\vendor\laravel\framework\src\Illuminate\Routing\ControllerDispatcher.php(112): Illuminate\Routing\Router->prepareResponse(Object(Illuminate\Http\Request), Object(Illuminate\View\View))
#9 [internal function]: Illuminate\Routing\ControllerDispatcher->Illuminate\Routing\{closure}(Object(Illuminate\Http\Request))
#10 D:\project_laravel_pintaar\sistem_dokumentasi_konsumen\vendor\laravel\framework\src\Illuminate\Pipeline\Pipeline.php(139): call_user_func(Object(Closure), Object(Illuminate\Http\Request))
#11 [internal function]: Illuminate\Pipeline\Pipeline->Illuminate\Pipeline\{closure}(Object(Illuminate\Http\Request))
#12 D:\project_laravel_pintaar\sistem_dokumentasi_konsumen\vendor\laravel\framework\src\Illuminate\Pipeline\Pipeline.php(102): call_user_func(Object(Closure), Object(Illuminate\Http\Request))
#13 D:\project_laravel_pintaar\sistem_dokumentasi_konsumen\vendor\laravel\framework\src\Illuminate\Routing\ControllerDispatcher.php(114): Illuminate\Pipeline\Pipeline->then(Object(Closure))
#14 D:\project_laravel_pintaar\sistem_dokumentasi_konsumen\vendor\laravel\framework\src\Illuminate\Routing\ControllerDispatcher.php(68): Illuminate\Routing\ControllerDispatcher->callWithinStack(Object(App\Http\Controllers\CustomerrController), Object(Illuminate\Routing\Route), Object(Illuminate\Http\Request), 'create_post')
#15 D:\project_laravel_pintaar\sistem_dokumentasi_konsumen\vendor\laravel\framework\src\Illuminate\Routing\Route.php(203): Illuminate\Routing\ControllerDispatcher->dispatch(Object(Illuminate\Routing\Route), Object(Illuminate\Http\Request), 'App\\Http\\Contro...', 'create_post')
#16 D:\project_laravel_pintaar\sistem_dokumentasi_konsumen\vendor\laravel\framework\src\Illuminate\Routing\Route.php(134): Illuminate\Routing\Route->runWithCustomDispatcher(Object(Illuminate\Http\Request))
#17 D:\project_laravel_pintaar\sistem_dokumentasi_konsumen\vendor\laravel\framework\src\Illuminate\Routing\Router.php(708): Illuminate\Routing\Route->run(Object(Illuminate\Http\Request))
#18 [internal function]: Illuminate\Routing\Router->Illuminate\Routing\{closure}(Object(Illuminate\Http\Request))
#19 D:\project_laravel_pintaar\sistem_dokumentasi_konsumen\vendor\laravel\framework\src\Illuminate\Pipeline\Pipeline.php(139): call_user_func(Object(Closure), Object(Illuminate\Http\Request))
#20 [internal function]: Illuminate\Pipeline\Pipeline->Illuminate\Pipeline\{closure}(Object(Illuminate\Http\Request))
#21 D:\project_laravel_pintaar\sistem_dokumentasi_konsumen\vendor\laravel\framework\src\Illuminate\Pipeline\Pipeline.php(102): call_user_func(Object(Closure), Object(Illuminate\Http\Request))
#22 D:\project_laravel_pintaar\sistem_dokumentasi_konsumen\vendor\laravel\framework\src\Illuminate\Routing\Router.php(710): Illuminate\Pipeline\Pipeline->then(Object(Closure))
#23 D:\project_laravel_pintaar\sistem_dokumentasi_konsumen\vendor\laravel\framework\src\Illuminate\Routing\Router.php(674): Illuminate\Routing\Router->runRouteWithinStack(Object(Illuminate\Routing\Route), Object(Illuminate\Http\Request))
#24 D:\project_laravel_pintaar\sistem_dokumentasi_konsumen\vendor\laravel\framework\src\Illuminate\Routing\Router.php(635): Illuminate\Routing\Router->dispatchToRoute(Object(Illuminate\Http\Request))
#25 D:\project_laravel_pintaar\sistem_dokumentasi_konsumen\vendor\laravel\framework\src\Illuminate\Foundation\Http\Kernel.php(236): Illuminate\Routing\Router->dispatch(Object(Illuminate\Http\Request))
#26 [internal function]: Illuminate\Foundation\Http\Kernel->Illuminate\Foundation\Http\{closure}(Object(Illuminate\Http\Request))
#27 D:\project_laravel_pintaar\sistem_dokumentasi_konsumen\vendor\laravel\framework\src\Illuminate\Pipeline\Pipeline.php(139): call_user_func(Object(Closure), Object(Illuminate\Http\Request))
#28 D:\project_laravel_pintaar\sistem_dokumentasi_konsumen\vendor\laravel\framework\src\Illuminate\Foundation\Http\Middleware\VerifyCsrfToken.php(50): Illuminate\Pipeline\Pipeline->Illuminate\Pipeline\{closure}(Object(Illuminate\Http\Request))
#29 [internal function]: Illuminate\Foundation\Http\Middleware\VerifyCsrfToken->handle(Object(Illuminate\Http\Request), Object(Closure))
#30 D:\project_laravel_pintaar\sistem_dokumentasi_konsumen\vendor\laravel\framework\src\Illuminate\Pipeline\Pipeline.php(124): call_user_func_array(Array, Array)
#31 D:\project_laravel_pintaar\sistem_dokumentasi_konsumen\vendor\laravel\framework\src\Illuminate\View\Middleware\ShareErrorsFromSession.php(49): Illuminate\Pipeline\Pipeline->Illuminate\Pipeline\{closure}(Object(Illuminate\Http\Request))
#32 [internal function]: Illuminate\View\Middleware\ShareErrorsFromSession->handle(Object(Illuminate\Http\Request), Object(Closure))
#33 D:\project_laravel_pintaar\sistem_dokumentasi_konsumen\vendor\laravel\framework\src\Illuminate\Pipeline\Pipeline.php(124): call_user_func_array(Array, Array)
#34 D:\project_laravel_pintaar\sistem_dokumentasi_konsumen\vendor\laravel\framework\src\Illuminate\Session\Middleware\StartSession.php(62): Illuminate\Pipeline\Pipeline->Illuminate\Pipeline\{closure}(Object(Illuminate\Http\Request))
#35 [internal function]: Illuminate\Session\Middleware\StartSession->handle(Object(Illuminate\Http\Request), Object(Closure))
#36 D:\project_laravel_pintaar\sistem_dokumentasi_konsumen\vendor\laravel\framework\src\Illuminate\Pipeline\Pipeline.php(124): call_user_func_array(Array, Array)
#37 D:\project_laravel_pintaar\sistem_dokumentasi_konsumen\vendor\laravel\framework\src\Illuminate\Cookie\Middleware\AddQueuedCookiesToResponse.php(37): Illuminate\Pipeline\Pipeline->Illuminate\Pipeline\{closure}(Object(Illuminate\Http\Request))
#38 [internal function]: Illuminate\Cookie\Middleware\AddQueuedCookiesToResponse->handle(Object(Illuminate\Http\Request), Object(Closure))
#39 D:\project_laravel_pintaar\sistem_dokumentasi_konsumen\vendor\laravel\framework\src\Illuminate\Pipeline\Pipeline.php(124): call_user_func_array(Array, Array)
#40 D:\project_laravel_pintaar\sistem_dokumentasi_konsumen\vendor\laravel\framework\src\Illuminate\Cookie\Middleware\EncryptCookies.php(59): Illuminate\Pipeline\Pipeline->Illuminate\Pipeline\{closure}(Object(Illuminate\Http\Request))
#41 [internal function]: Illuminate\Cookie\Middleware\EncryptCookies->handle(Object(Illuminate\Http\Request), Object(Closure))
#42 D:\project_laravel_pintaar\sistem_dokumentasi_konsumen\vendor\laravel\framework\src\Illuminate\Pipeline\Pipeline.php(124): call_user_func_array(Array, Array)
#43 D:\project_laravel_pintaar\sistem_dokumentasi_konsumen\vendor\laravel\framework\src\Illuminate\Foundation\Http\Middleware\CheckForMaintenanceMode.php(44): Illuminate\Pipeline\Pipeline->Illuminate\Pipeline\{closure}(Object(Illuminate\Http\Request))
#44 [internal function]: Illuminate\Foundation\Http\Middleware\CheckForMaintenanceMode->handle(Object(Illuminate\Http\Request), Object(Closure))
#45 D:\project_laravel_pintaar\sistem_dokumentasi_konsumen\vendor\laravel\framework\src\Illuminate\Pipeline\Pipeline.php(124): call_user_func_array(Array, Array)
#46 [internal function]: Illuminate\Pipeline\Pipeline->Illuminate\Pipeline\{closure}(Object(Illuminate\Http\Request))
#47 D:\project_laravel_pintaar\sistem_dokumentasi_konsumen\vendor\laravel\framework\src\Illuminate\Pipeline\Pipeline.php(102): call_user_func(Object(Closure), Object(Illuminate\Http\Request))
#48 D:\project_laravel_pintaar\sistem_dokumentasi_konsumen\vendor\laravel\framework\src\Illuminate\Foundation\Http\Kernel.php(122): Illuminate\Pipeline\Pipeline->then(Object(Closure))
#49 D:\project_laravel_pintaar\sistem_dokumentasi_konsumen\vendor\laravel\framework\src\Illuminate\Foundation\Http\Kernel.php(87): Illuminate\Foundation\Http\Kernel->sendRequestThroughRouter(Object(Illuminate\Http\Request))
#50 D:\project_laravel_pintaar\sistem_dokumentasi_konsumen\public\index.php(53): Illuminate\Foundation\Http\Kernel->handle(Object(Illuminate\Http\Request))
#51 D:\project_laravel_pintaar\sistem_dokumentasi_konsumen\server.php(21): require_once('D:\\project_lara...')
#52 {main}  
